
RAxML-NG v. 0.9.0 released on 20.05.2019 by The Exelixis Lab.
Developed by: Alexey M. Kozlov and Alexandros Stamatakis.
Contributors: Diego Darriba, Tomas Flouri, Benoit Morel, Sarah Lutteropp, Ben Bettisworth.
Latest version: https://github.com/amkozlov/raxml-ng
Questions/problems/suggestions? Please visit: https://groups.google.com/forum/#!forum/raxml

RAxML-NG was called at 11-Jan-2023 14:44:02 as follows:

raxml-ng --all --msa concatenatAAS_cons150.aln --model aas_cons.part --threads 20 --bs-trees 10 --tree pars{5},rand{5}

Analysis options:
  run mode: ML tree search + bootstrapping (Felsenstein Bootstrap)
  start tree(s): random (5) + parsimony (5)
  bootstrap replicates: 10
  random seed: 1673444642
  tip-inner: OFF
  pattern compression: ON
  per-rate scalers: OFF
  site repeats: ON
  branch lengths: proportional (ML estimate, algorithm: NR-FAST)
  SIMD kernels: AVX2
  parallelization: PTHREADS (20 threads), thread pinning: OFF

[00:00:00] Reading alignment from file: concatenatAAS_cons150.aln
[00:00:00] Loaded alignment with 257 taxa and 56049 sites

Alignment comprises 146 partitions and 55552 patterns

Partition 0: EOG091G0FYY
Model: LG+FC+G8m+B
Alignment sites / patterns: 177 / 175
Gaps: 10.41 %
Invariant sites: 5.65 %

Partition 1: EOG091G0H5Q
Model: LG+FC+G8m+B
Alignment sites / patterns: 397 / 397
Gaps: 12.78 %
Invariant sites: 1.76 %

Partition 2: EOG091G0IS6
Model: LG+FC+G8m+B
Alignment sites / patterns: 407 / 406
Gaps: 19.86 %
Invariant sites: 7.13 %

Partition 3: EOG091G0CFP
Model: LG+FC+G8m+B
Alignment sites / patterns: 307 / 306
Gaps: 6.37 %
Invariant sites: 6.19 %

Partition 4: EOG091G03M4
Model: LG+FC+G8m+B
Alignment sites / patterns: 645 / 644
Gaps: 11.57 %
Invariant sites: 5.43 %

Partition 5: EOG091G07VQ
Model: LG+FC+G8m+B
Alignment sites / patterns: 323 / 320
Gaps: 15.68 %
Invariant sites: 5.26 %

Partition 6: EOG091G0SBR
Model: LG+FC+G8m+B
Alignment sites / patterns: 149 / 148
Gaps: 10.99 %
Invariant sites: 4.03 %

Partition 7: EOG091G0TZ2
Model: LG+FC+G8m+B
Alignment sites / patterns: 159 / 159
Gaps: 12.09 %
Invariant sites: 0.63 %

Partition 8: EOG091G03P0
Model: LG+FC+G8m+B
Alignment sites / patterns: 624 / 624
Gaps: 6.78 %
Invariant sites: 0.96 %

Partition 9: EOG091G08ZR
Model: LG+FC+G8m+B
Alignment sites / patterns: 388 / 384
Gaps: 8.67 %
Invariant sites: 6.44 %

Partition 10: EOG091G09BP
Model: LG+FC+G8m+B
Alignment sites / patterns: 443 / 436
Gaps: 11.41 %
Invariant sites: 8.58 %

Partition 11: EOG091G0CEW
Model: LG+FC+G8m+B
Alignment sites / patterns: 336 / 336
Gaps: 13.70 %
Invariant sites: 1.49 %

Partition 12: EOG091G0FH3
Model: LG+FC+G8m+B
Alignment sites / patterns: 170 / 169
Gaps: 11.46 %
Invariant sites: 2.35 %

Partition 13: EOG091G0LMX
Model: LG+FC+G8m+B
Alignment sites / patterns: 249 / 249
Gaps: 16.49 %
Invariant sites: 1.20 %

Partition 14: EOG091G0P9B
Model: LG+FC+G8m+B
Alignment sites / patterns: 167 / 167
Gaps: 6.78 %
Invariant sites: 2.99 %

Partition 15: EOG091G115J
Model: LG+FC+G8m+B
Alignment sites / patterns: 247 / 247
Gaps: 17.93 %
Invariant sites: 5.67 %

Partition 16: EOG091G03B9
Model: LG+FC+G8m+B
Alignment sites / patterns: 598 / 583
Gaps: 5.31 %
Invariant sites: 11.87 %

Partition 17: EOG091G053D
Model: LG+FC+G8m+B
Alignment sites / patterns: 390 / 387
Gaps: 8.32 %
Invariant sites: 4.10 %

Partition 18: EOG091G05YC
Model: LG+FC+G8m+B
Alignment sites / patterns: 404 / 401
Gaps: 13.74 %
Invariant sites: 4.46 %

Partition 19: EOG091G07FP
Model: LG+FC+G8m+B
Alignment sites / patterns: 452 / 451
Gaps: 12.45 %
Invariant sites: 5.09 %

Partition 20: EOG091G07NJ
Model: LG+FC+G8m+B
Alignment sites / patterns: 338 / 335
Gaps: 9.07 %
Invariant sites: 7.99 %

Partition 21: EOG091G07OD
Model: LG+FC+G8m+B
Alignment sites / patterns: 387 / 384
Gaps: 11.85 %
Invariant sites: 4.91 %

Partition 22: EOG091G0AGM
Model: LG+FC+G8m+B
Alignment sites / patterns: 321 / 320
Gaps: 8.88 %
Invariant sites: 4.67 %

Partition 23: EOG091G0AZ7
Model: LG+FC+G8m+B
Alignment sites / patterns: 283 / 283
Gaps: 7.18 %
Invariant sites: 0.35 %

Partition 24: EOG091G0BKZ
Model: LG+FC+G8m+B
Alignment sites / patterns: 270 / 265
Gaps: 10.10 %
Invariant sites: 6.30 %

Partition 25: EOG091G0JU7
Model: LG+FC+G8m+B
Alignment sites / patterns: 266 / 265
Gaps: 7.99 %
Invariant sites: 3.38 %

Partition 26: EOG091G0L4Z
Model: LG+FC+G8m+B
Alignment sites / patterns: 223 / 222
Gaps: 18.18 %
Invariant sites: 4.04 %

Partition 27: EOG091G0MJA
Model: LG+FC+G8m+B
Alignment sites / patterns: 199 / 199
Gaps: 7.09 %
Invariant sites: 7.54 %

Partition 28: EOG091G0PIU
Model: LG+FC+G8m+B
Alignment sites / patterns: 173 / 173
Gaps: 7.18 %
Invariant sites: 4.05 %

Partition 29: EOG091G09HR
Model: LG+FC+G8m+B
Alignment sites / patterns: 371 / 371
Gaps: 8.37 %
Invariant sites: 4.04 %

Partition 30: EOG091G0BG4
Model: LG+FC+G8m+B
Alignment sites / patterns: 349 / 349
Gaps: 11.34 %
Invariant sites: 4.30 %

Partition 31: EOG091G0DQS
Model: LG+FC+G8m+B
Alignment sites / patterns: 449 / 445
Gaps: 10.30 %
Invariant sites: 9.13 %

Partition 32: EOG091G0EKA
Model: LG+FC+G8m+B
Alignment sites / patterns: 273 / 270
Gaps: 9.87 %
Invariant sites: 12.45 %

Partition 33: EOG091G0ELS
Model: LG+FC+G8m+B
Alignment sites / patterns: 216 / 216
Gaps: 8.37 %
Invariant sites: 6.02 %

Partition 34: EOG091G0EVK
Model: LG+FC+G8m+B
Alignment sites / patterns: 276 / 273
Gaps: 6.92 %
Invariant sites: 13.04 %

Partition 35: EOG091G0GKH
Model: LG+FC+G8m+B
Alignment sites / patterns: 159 / 159
Gaps: 15.10 %
Invariant sites: 2.52 %

Partition 36: EOG091G0GUK
Model: LG+FC+G8m+B
Alignment sites / patterns: 215 / 215
Gaps: 12.24 %
Invariant sites: 5.12 %

Partition 37: EOG091G0HS8
Model: LG+FC+G8m+B
Alignment sites / patterns: 280 / 280
Gaps: 11.05 %
Invariant sites: 0.36 %

Partition 38: EOG091G0HXJ
Model: LG+FC+G8m+B
Alignment sites / patterns: 253 / 253
Gaps: 7.20 %
Invariant sites: 4.35 %

Partition 39: EOG091G0K95
Model: LG+FC+G8m+B
Alignment sites / patterns: 328 / 328
Gaps: 12.14 %
Invariant sites: 0.61 %

Partition 40: EOG091G0L66
Model: LG+FC+G8m+B
Alignment sites / patterns: 221 / 220
Gaps: 8.51 %
Invariant sites: 4.52 %

Partition 41: EOG091G03QC
Model: LG+FC+G8m+B
Alignment sites / patterns: 564 / 559
Gaps: 8.48 %
Invariant sites: 6.91 %

Partition 42: EOG091G03XO
Model: LG+FC+G8m+B
Alignment sites / patterns: 516 / 512
Gaps: 8.73 %
Invariant sites: 9.30 %

Partition 43: EOG091G04CK
Model: LG+FC+G8m+B
Alignment sites / patterns: 531 / 530
Gaps: 11.57 %
Invariant sites: 3.20 %

Partition 44: EOG091G06ON
Model: LG+FC+G8m+B
Alignment sites / patterns: 409 / 403
Gaps: 15.47 %
Invariant sites: 8.56 %

Partition 45: EOG091G0A98
Model: LG+FC+G8m+B
Alignment sites / patterns: 359 / 357
Gaps: 11.80 %
Invariant sites: 9.19 %

Partition 46: EOG091G0ARE
Model: LG+FC+G8m+B
Alignment sites / patterns: 534 / 534
Gaps: 10.23 %
Invariant sites: 3.18 %

Partition 47: EOG091G0EMF
Model: LG+FC+G8m+B
Alignment sites / patterns: 181 / 180
Gaps: 8.02 %
Invariant sites: 7.18 %

Partition 48: EOG091G0GY1
Model: LG+FC+G8m+B
Alignment sites / patterns: 293 / 293
Gaps: 12.60 %
Invariant sites: 2.39 %

Partition 49: EOG091G0HS4
Model: LG+FC+G8m+B
Alignment sites / patterns: 194 / 192
Gaps: 10.63 %
Invariant sites: 8.25 %

Partition 50: EOG091G0I2X
Model: LG+FC+G8m+B
Alignment sites / patterns: 220 / 220
Gaps: 6.41 %
Invariant sites: 3.64 %

Partition 51: EOG091G0ID9
Model: LG+FC+G8m+B
Alignment sites / patterns: 312 / 304
Gaps: 10.83 %
Invariant sites: 10.90 %

Partition 52: EOG091G0MUD
Model: LG+FC+G8m+B
Alignment sites / patterns: 186 / 182
Gaps: 5.56 %
Invariant sites: 11.83 %

Partition 53: EOG091G0O6E
Model: LG+FC+G8m+B
Alignment sites / patterns: 158 / 158
Gaps: 7.93 %
Invariant sites: 7.59 %

Partition 54: EOG091G0RTZ
Model: LG+FC+G8m+B
Alignment sites / patterns: 122 / 114
Gaps: 5.59 %
Invariant sites: 32.79 %

Partition 55: EOG091G10O5
Model: LG+FC+G8m+B
Alignment sites / patterns: 497 / 492
Gaps: 7.85 %
Invariant sites: 6.44 %

Partition 56: EOG091G00GQ
Model: LG+FC+G8m+B
Alignment sites / patterns: 1595 / 1589
Gaps: 12.40 %
Invariant sites: 5.20 %

Partition 57: EOG091G01EW
Model: LG+FC+G8m+B
Alignment sites / patterns: 840 / 815
Gaps: 7.20 %
Invariant sites: 13.57 %

Partition 58: EOG091G01TH
Model: LG+FC+G8m+B
Alignment sites / patterns: 971 / 970
Gaps: 4.90 %
Invariant sites: 2.27 %

Partition 59: EOG091G03TZ
Model: LG+FC+G8m+B
Alignment sites / patterns: 570 / 570
Gaps: 11.20 %
Invariant sites: 0.88 %

Partition 60: EOG091G06OP
Model: LG+FC+G8m+B
Alignment sites / patterns: 515 / 512
Gaps: 13.49 %
Invariant sites: 4.47 %

Partition 61: EOG091G085U
Model: LG+FC+G8m+B
Alignment sites / patterns: 396 / 395
Gaps: 18.48 %
Invariant sites: 1.52 %

Partition 62: EOG091G08JE
Model: LG+FC+G8m+B
Alignment sites / patterns: 292 / 291
Gaps: 6.86 %
Invariant sites: 5.82 %

Partition 63: EOG091G08VB
Model: LG+FC+G8m+B
Alignment sites / patterns: 761 / 760
Gaps: 13.07 %
Invariant sites: 2.23 %

Partition 64: EOG091G0990
Model: LG+FC+G8m+B
Alignment sites / patterns: 325 / 324
Gaps: 24.01 %
Invariant sites: 1.85 %

Partition 65: EOG091G09L6
Model: LG+FC+G8m+B
Alignment sites / patterns: 213 / 213
Gaps: 18.32 %
Invariant sites: 2.82 %

Partition 66: EOG091G0A0M
Model: LG+FC+G8m+B
Alignment sites / patterns: 395 / 384
Gaps: 8.42 %
Invariant sites: 12.91 %

Partition 67: EOG091G0AE2
Model: LG+FC+G8m+B
Alignment sites / patterns: 397 / 389
Gaps: 8.23 %
Invariant sites: 11.34 %

Partition 68: EOG091G0B27
Model: LG+FC+G8m+B
Alignment sites / patterns: 401 / 399
Gaps: 9.85 %
Invariant sites: 4.74 %

Partition 69: EOG091G0DQ3
Model: LG+FC+G8m+B
Alignment sites / patterns: 235 / 234
Gaps: 13.72 %
Invariant sites: 7.23 %

Partition 70: EOG091G0DTB
Model: LG+FC+G8m+B
Alignment sites / patterns: 264 / 259
Gaps: 8.30 %
Invariant sites: 11.36 %

Partition 71: EOG091G0DTP
Model: LG+FC+G8m+B
Alignment sites / patterns: 285 / 282
Gaps: 11.31 %
Invariant sites: 4.56 %

Partition 72: EOG091G0FZN
Model: LG+FC+G8m+B
Alignment sites / patterns: 244 / 244
Gaps: 18.62 %
Invariant sites: 6.15 %

Partition 73: EOG091G0GIC
Model: LG+FC+G8m+B
Alignment sites / patterns: 260 / 258
Gaps: 10.98 %
Invariant sites: 5.00 %

Partition 74: EOG091G0J14
Model: LG+FC+G8m+B
Alignment sites / patterns: 182 / 173
Gaps: 10.63 %
Invariant sites: 20.88 %

Partition 75: EOG091G0J2W
Model: LG+FC+G8m+B
Alignment sites / patterns: 206 / 206
Gaps: 13.33 %
Invariant sites: 3.40 %

Partition 76: EOG091G0M12
Model: LG+FC+G8m+B
Alignment sites / patterns: 205 / 205
Gaps: 9.39 %
Invariant sites: 6.34 %

Partition 77: EOG091G00MI
Model: LG+FC+G8m+B
Alignment sites / patterns: 330 / 322
Gaps: 9.84 %
Invariant sites: 13.03 %

Partition 78: EOG091G0291
Model: LG+FC+G8m+B
Alignment sites / patterns: 714 / 655
Gaps: 7.13 %
Invariant sites: 28.01 %

Partition 79: EOG091G0349
Model: LG+FC+G8m+B
Alignment sites / patterns: 602 / 602
Gaps: 10.61 %
Invariant sites: 0.83 %

Partition 80: EOG091G05FE
Model: LG+FC+G8m+B
Alignment sites / patterns: 629 / 629
Gaps: 12.33 %
Invariant sites: 1.75 %

Partition 81: EOG091G06CB
Model: LG+FC+G8m+B
Alignment sites / patterns: 450 / 448
Gaps: 6.26 %
Invariant sites: 9.56 %

Partition 82: EOG091G07PH
Model: LG+FC+G8m+B
Alignment sites / patterns: 215 / 214
Gaps: 13.29 %
Invariant sites: 4.19 %

Partition 83: EOG091G0814
Model: LG+FC+G8m+B
Alignment sites / patterns: 416 / 414
Gaps: 7.74 %
Invariant sites: 3.85 %

Partition 84: EOG091G08NN
Model: LG+FC+G8m+B
Alignment sites / patterns: 339 / 331
Gaps: 7.34 %
Invariant sites: 13.86 %

Partition 85: EOG091G08O3
Model: LG+FC+G8m+B
Alignment sites / patterns: 420 / 401
Gaps: 6.78 %
Invariant sites: 17.62 %

Partition 86: EOG091G09GO
Model: LG+FC+G8m+B
Alignment sites / patterns: 365 / 356
Gaps: 7.46 %
Invariant sites: 13.70 %

Partition 87: EOG091G09MU
Model: LG+FC+G8m+B
Alignment sites / patterns: 362 / 361
Gaps: 15.30 %
Invariant sites: 5.80 %

Partition 88: EOG091G0AU6
Model: LG+FC+G8m+B
Alignment sites / patterns: 282 / 282
Gaps: 12.94 %
Invariant sites: 5.32 %

Partition 89: EOG091G0C9Y
Model: LG+FC+G8m+B
Alignment sites / patterns: 292 / 288
Gaps: 11.15 %
Invariant sites: 7.19 %

Partition 90: EOG091G0CTU
Model: LG+FC+G8m+B
Alignment sites / patterns: 323 / 323
Gaps: 15.71 %
Invariant sites: 6.50 %

Partition 91: EOG091G0E3V
Model: LG+FC+G8m+B
Alignment sites / patterns: 274 / 271
Gaps: 9.67 %
Invariant sites: 7.30 %

Partition 92: EOG091G0H64
Model: LG+FC+G8m+B
Alignment sites / patterns: 328 / 326
Gaps: 10.79 %
Invariant sites: 3.35 %

Partition 93: EOG091G0RT1
Model: LG+FC+G8m+B
Alignment sites / patterns: 207 / 205
Gaps: 5.38 %
Invariant sites: 6.76 %

Partition 94: EOG091G0ULR
Model: LG+FC+G8m+B
Alignment sites / patterns: 200 / 200
Gaps: 7.82 %
Invariant sites: 1.50 %

Partition 95: EOG091G15HS
Model: LG+FC+G8m+B
Alignment sites / patterns: 277 / 275
Gaps: 12.88 %
Invariant sites: 6.86 %

Partition 96: EOG091G01MK
Model: LG+FC+G8m+B
Alignment sites / patterns: 1130 / 1127
Gaps: 20.86 %
Invariant sites: 3.45 %

Partition 97: EOG091G01WY
Model: LG+FC+G8m+B
Alignment sites / patterns: 685 / 685
Gaps: 11.87 %
Invariant sites: 2.19 %

Partition 98: EOG091G029K
Model: LG+FC+G8m+B
Alignment sites / patterns: 686 / 685
Gaps: 20.73 %
Invariant sites: 1.31 %

Partition 99: EOG091G03BV
Model: LG+FC+G8m+B
Alignment sites / patterns: 565 / 556
Gaps: 5.64 %
Invariant sites: 13.81 %

Partition 100: EOG091G03O0
Model: LG+FC+G8m+B
Alignment sites / patterns: 758 / 757
Gaps: 12.72 %
Invariant sites: 3.03 %

Partition 101: EOG091G03RW
Model: LG+FC+G8m+B
Alignment sites / patterns: 704 / 704
Gaps: 6.04 %
Invariant sites: 1.99 %

Partition 102: EOG091G04GW
Model: LG+FC+G8m+B
Alignment sites / patterns: 589 / 585
Gaps: 7.63 %
Invariant sites: 7.81 %

Partition 103: EOG091G05K5
Model: LG+FC+G8m+B
Alignment sites / patterns: 571 / 567
Gaps: 12.02 %
Invariant sites: 5.60 %

Partition 104: EOG091G05TG
Model: LG+FC+G8m+B
Alignment sites / patterns: 533 / 520
Gaps: 9.79 %
Invariant sites: 17.07 %

Partition 105: EOG091G06M8
Model: LG+FC+G8m+B
Alignment sites / patterns: 495 / 493
Gaps: 6.40 %
Invariant sites: 7.68 %

Partition 106: EOG091G06QP
Model: LG+FC+G8m+B
Alignment sites / patterns: 554 / 553
Gaps: 14.88 %
Invariant sites: 0.72 %

Partition 107: EOG091G090D
Model: LG+FC+G8m+B
Alignment sites / patterns: 400 / 400
Gaps: 13.10 %
Invariant sites: 3.50 %

Partition 108: EOG091G095O
Model: LG+FC+G8m+B
Alignment sites / patterns: 356 / 355
Gaps: 16.50 %
Invariant sites: 2.53 %

Partition 109: EOG091G09D8
Model: LG+FC+G8m+B
Alignment sites / patterns: 275 / 275
Gaps: 10.46 %
Invariant sites: 1.82 %

Partition 110: EOG091G09MD
Model: LG+FC+G8m+B
Alignment sites / patterns: 399 / 398
Gaps: 7.73 %
Invariant sites: 3.01 %

Partition 111: EOG091G09U9
Model: LG+FC+G8m+B
Alignment sites / patterns: 395 / 377
Gaps: 6.66 %
Invariant sites: 18.73 %

Partition 112: EOG091G0D04
Model: LG+FC+G8m+B
Alignment sites / patterns: 238 / 238
Gaps: 13.64 %
Invariant sites: 2.94 %

Partition 113: EOG091G0DTE
Model: LG+FC+G8m+B
Alignment sites / patterns: 311 / 307
Gaps: 8.08 %
Invariant sites: 5.14 %

Partition 114: EOG091G0DUX
Model: LG+FC+G8m+B
Alignment sites / patterns: 300 / 300
Gaps: 11.06 %
Invariant sites: 0.67 %

Partition 115: EOG091G0E2X
Model: LG+FC+G8m+B
Alignment sites / patterns: 126 / 123
Gaps: 14.06 %
Invariant sites: 10.32 %

Partition 116: EOG091G0ERU
Model: LG+FC+G8m+B
Alignment sites / patterns: 397 / 396
Gaps: 6.04 %
Invariant sites: 5.29 %

Partition 117: EOG091G0H3U
Model: LG+FC+G8m+B
Alignment sites / patterns: 610 / 610
Gaps: 10.84 %
Invariant sites: 1.64 %

Partition 118: EOG091G0HBC
Model: LG+FC+G8m+B
Alignment sites / patterns: 166 / 166
Gaps: 13.11 %
Invariant sites: 0.00 %

Partition 119: EOG091G0IDS
Model: LG+FC+G8m+B
Alignment sites / patterns: 135 / 134
Gaps: 13.61 %
Invariant sites: 5.93 %

Partition 120: EOG091G0IMI
Model: LG+FC+G8m+B
Alignment sites / patterns: 350 / 348
Gaps: 16.89 %
Invariant sites: 2.57 %

Partition 121: EOG091G0KC3
Model: LG+FC+G8m+B
Alignment sites / patterns: 118 / 118
Gaps: 11.85 %
Invariant sites: 4.24 %

Partition 122: EOG091G0LVQ
Model: LG+FC+G8m+B
Alignment sites / patterns: 194 / 194
Gaps: 10.62 %
Invariant sites: 3.61 %

Partition 123: EOG091G0NM1
Model: LG+FC+G8m+B
Alignment sites / patterns: 230 / 230
Gaps: 17.58 %
Invariant sites: 2.17 %

Partition 124: EOG091G0PAG
Model: LG+FC+G8m+B
Alignment sites / patterns: 157 / 151
Gaps: 6.79 %
Invariant sites: 16.56 %

Partition 125: EOG091G0SM9
Model: LG+FC+G8m+B
Alignment sites / patterns: 160 / 160
Gaps: 8.10 %
Invariant sites: 1.88 %

Partition 126: EOG091G0SQV
Model: LG+FC+G8m+B
Alignment sites / patterns: 138 / 138
Gaps: 9.33 %
Invariant sites: 2.17 %

Partition 127: EOG091G0WCB
Model: LG+FC+G8m+B
Alignment sites / patterns: 175 / 175
Gaps: 9.91 %
Invariant sites: 0.00 %

Partition 128: EOG091G0XZC
Model: LG+FC+G8m+B
Alignment sites / patterns: 166 / 166
Gaps: 10.15 %
Invariant sites: 3.01 %

Partition 129: EOG091G028G
Model: LG+FC+G8m+B
Alignment sites / patterns: 855 / 846
Gaps: 12.91 %
Invariant sites: 8.89 %

Partition 130: EOG091G02B4
Model: LG+FC+G8m+B
Alignment sites / patterns: 885 / 881
Gaps: 11.56 %
Invariant sites: 4.18 %

Partition 131: EOG091G038T
Model: LG+FC+G8m+B
Alignment sites / patterns: 435 / 428
Gaps: 7.50 %
Invariant sites: 8.74 %

Partition 132: EOG091G03TX
Model: LG+FC+G8m+B
Alignment sites / patterns: 949 / 916
Gaps: 7.11 %
Invariant sites: 15.38 %

Partition 133: EOG091G05EU
Model: LG+FC+G8m+B
Alignment sites / patterns: 559 / 558
Gaps: 9.93 %
Invariant sites: 2.50 %

Partition 134: EOG091G065D
Model: LG+FC+G8m+B
Alignment sites / patterns: 496 / 484
Gaps: 7.34 %
Invariant sites: 10.28 %

Partition 135: EOG091G07KL
Model: LG+FC+G8m+B
Alignment sites / patterns: 637 / 636
Gaps: 13.81 %
Invariant sites: 4.24 %

Partition 136: EOG091G089T
Model: LG+FC+G8m+B
Alignment sites / patterns: 490 / 490
Gaps: 16.68 %
Invariant sites: 1.22 %

Partition 137: EOG091G096V
Model: LG+FC+G8m+B
Alignment sites / patterns: 325 / 323
Gaps: 11.11 %
Invariant sites: 6.77 %

Partition 138: EOG091G09HG
Model: LG+FC+G8m+B
Alignment sites / patterns: 393 / 388
Gaps: 8.09 %
Invariant sites: 6.36 %

Partition 139: EOG091G09T6
Model: LG+FC+G8m+B
Alignment sites / patterns: 370 / 370
Gaps: 21.82 %
Invariant sites: 4.05 %

Partition 140: EOG091G09V2
Model: LG+FC+G8m+B
Alignment sites / patterns: 399 / 397
Gaps: 15.92 %
Invariant sites: 9.02 %

Partition 141: EOG091G0AE9
Model: LG+FC+G8m+B
Alignment sites / patterns: 370 / 367
Gaps: 8.87 %
Invariant sites: 7.84 %

Partition 142: EOG091G0AVW
Model: LG+FC+G8m+B
Alignment sites / patterns: 427 / 427
Gaps: 20.71 %
Invariant sites: 1.17 %

Partition 143: EOG091G0BAG
Model: LG+FC+G8m+B
Alignment sites / patterns: 149 / 141
Gaps: 6.34 %
Invariant sites: 26.17 %

Partition 144: EOG091G0BHP
Model: LG+FC+G8m+B
Alignment sites / patterns: 352 / 337
Gaps: 10.26 %
Invariant sites: 23.30 %

Partition 145: EOG091G0BPU
Model: LG+FC+G8m+B
Alignment sites / patterns: 357 / 353
Gaps: 10.62 %
Invariant sites: 7.84 %


NOTE: Binary MSA file created: data/Projet-SplicedVariants/DnDs/Metazoa_v11/RAxML/concatenatAAS_cons150.aln.raxml.rba

[00:00:04] Generating 5 random starting tree(s) with 257 taxa
[00:00:04] Generating 5 parsimony starting tree(s) with 257 taxa
[00:02:46] Data distribution: max. partitions/sites/weight per thread: 9 / 2778 / 444480

Starting ML tree search with 10 distinct starting trees

[09:27:40] ML tree search #1, logLikelihood: -5603048.755295
[19:41:21] ML tree search #2, logLikelihood: -5603033.308970
[31:41:15] ML tree search #3, logLikelihood: -5603090.488149
[42:19:11] ML tree search #4, logLikelihood: -5603527.996067
[53:35:11] ML tree search #5, logLikelihood: -5603003.085555
[62:47:12] ML tree search #6, logLikelihood: -5602932.652442
[72:04:05] ML tree search #7, logLikelihood: -5602939.832051
[80:55:01] ML tree search #8, logLikelihood: -5603423.863600
[88:28:40] ML tree search #9, logLikelihood: -5602925.710888
[96:01:18] ML tree search #10, logLikelihood: -5602939.170137

[96:01:18] ML tree search completed, best tree logLH: -5602925.710888

[96:01:18] Starting bootstrapping analysis with 10 replicates.

[102:47:25] Bootstrap tree #1, logLikelihood: -5614327.070226
[109:39:15] Bootstrap tree #2, logLikelihood: -5587448.331461
[116:59:56] Bootstrap tree #3, logLikelihood: -5585003.923977
[123:25:01] Bootstrap tree #4, logLikelihood: -5590387.894130
[130:39:22] Bootstrap tree #5, logLikelihood: -5596872.728554
[136:55:50] Bootstrap tree #6, logLikelihood: -5619005.392727
[144:00:18] Bootstrap tree #7, logLikelihood: -5587779.400414
[150:05:17] Bootstrap tree #8, logLikelihood: -5576310.759745
[156:54:25] Bootstrap tree #9, logLikelihood: -5590563.973315
[163:20:48] Bootstrap tree #10, logLikelihood: -5609746.112327


Final LogLikelihood: -5602925.710888

AIC score: 11213003.421775 / AICc score: 11213490.971402 / BIC score: 11244951.339931
Free parameters (model + branch lengths): 3576

Best ML tree saved to: concatenatAAS_cons150.aln.raxml.bestTree
All ML trees saved to: concatenatAAS_cons150.aln.raxml.mlTrees
Best ML tree with Felsenstein bootstrap (FBP) support values saved to: concatenatAAS_cons150.aln.raxml.support
Optimized model saved to: concatenatAAS_cons150.aln.raxml.bestModel
Bootstrap trees saved to: concatenatAAS_cons150.aln.raxml.bootstraps

Execution log saved to: concatenatAAS_cons150.aln.raxml.log

Analysis started: 11-Jan-2023 14:44:02 / finished: 18-Jan-2023 10:04:51

Elapsed time: 588049.174 seconds

