
RAxML-NG v. 1.2.0 released on 09.05.2023 by The Exelixis Lab.
Developed by: Alexey M. Kozlov and Alexandros Stamatakis.
Contributors: Diego Darriba, Tomas Flouri, Benoit Morel, Sarah Lutteropp, Ben Bettisworth, Julia Haag, Anastasis Togkousidis.
Latest version: https://github.com/amkozlov/raxml-ng
Questions/problems/suggestions? Please visit: https://groups.google.com/forum/#!forum/raxml

System: Intel(R) Xeon(R) Gold 5120 CPU @ 2.20GHz, 28 cores, 376 GB RAM

RAxML-NG was called at 02-Aug-2023 07:40:38 as follows:

raxml-ng --all --msa concatenatAAS_cons25.aln --model aas_cons.part --threads auto{16} --bs-trees 10 --tree pars{5},rand{5} --redo --tree-constraint constrain_tree.aln

Analysis options:
  run mode: ML tree search + bootstrapping (Felsenstein Bootstrap)
  start tree(s): random (5) + parsimony (5)
  bootstrap replicates: parsimony (10)
  topological constraint: constrain_tree.aln (algorithm: NEW)
  random seed: 1690954838
  tip-inner: OFF
  pattern compression: ON
  per-rate scalers: OFF
  site repeats: ON
  logLH epsilon: general: 10.000000, brlen-triplet: 1000.000000
  fast spr radius: AUTO
  spr subtree cutoff: 1.000000
  fast CLV updates: ON
  branch lengths: proportional (ML estimate, algorithm: NR-FAST)
  SIMD kernels: AVX2
  parallelization: coarse-grained (auto), PTHREADS (auto)

WARNING: Running in REDO mode: existing checkpoints are ignored, and all result files will be overwritten!

[00:00:03] Reading alignment from file: concatenatAAS_cons25.aln
[00:00:07] Loaded alignment with 167 taxa and 39096 sites

Alignment comprises 73 partitions and 36592 patterns

Partition 0: EOG091G02B4
Model: LG+FC+G8m+B
Alignment sites / patterns: 1409 / 1306
Gaps: 9.04 %
Invariant sites: 15.26 %

Partition 1: EOG091G06OP
Model: LG+FC+G8m+B
Alignment sites / patterns: 551 / 510
Gaps: 3.72 %
Invariant sites: 18.15 %

Partition 2: EOG091G0FYY
Model: LG+FC+G8m+B
Alignment sites / patterns: 280 / 275
Gaps: 14.87 %
Invariant sites: 8.93 %

Partition 3: EOG091G0CFP
Model: LG+FC+G8m+B
Alignment sites / patterns: 338 / 329
Gaps: 8.53 %
Invariant sites: 10.06 %

Partition 4: EOG091G0E8J
Model: LG+FC+G8m+B
Alignment sites / patterns: 396 / 389
Gaps: 4.56 %
Invariant sites: 14.39 %

Partition 5: EOG091G065D
Model: LG+FC+G8m+B
Alignment sites / patterns: 547 / 485
Gaps: 2.90 %
Invariant sites: 19.38 %

Partition 6: EOG091G0BHV
Model: LG+FC+G8m+B
Alignment sites / patterns: 318 / 302
Gaps: 10.81 %
Invariant sites: 16.67 %

Partition 7: EOG091G0291
Model: LG+FC+G8m+B
Alignment sites / patterns: 791 / 585
Gaps: 3.97 %
Invariant sites: 45.51 %

Partition 8: EOG091G0MBG
Model: LG+FC+G8m+B
Alignment sites / patterns: 339 / 338
Gaps: 5.03 %
Invariant sites: 2.36 %

Partition 9: EOG091G0627
Model: LG+FC+G8m+B
Alignment sites / patterns: 589 / 580
Gaps: 9.50 %
Invariant sites: 9.68 %

Partition 10: EOG091G09L6
Model: LG+FC+G8m+B
Alignment sites / patterns: 498 / 496
Gaps: 21.61 %
Invariant sites: 5.02 %

Partition 11: EOG091G0AZ7
Model: LG+FC+G8m+B
Alignment sites / patterns: 459 / 457
Gaps: 16.40 %
Invariant sites: 3.27 %

Partition 12: EOG091G01EW
Model: LG+FC+G8m+B
Alignment sites / patterns: 868 / 808
Gaps: 9.80 %
Invariant sites: 22.70 %

Partition 13: EOG091G03QC
Model: LG+FC+G8m+B
Alignment sites / patterns: 751 / 749
Gaps: 18.55 %
Invariant sites: 7.06 %

Partition 14: EOG091G07KL
Model: LG+FC+G8m+B
Alignment sites / patterns: 686 / 674
Gaps: 5.02 %
Invariant sites: 10.79 %

Partition 15: EOG091G08NN
Model: LG+FC+G8m+B
Alignment sites / patterns: 415 / 363
Gaps: 6.73 %
Invariant sites: 24.58 %

Partition 16: EOG091G0CW2
Model: LG+FC+G8m+B
Alignment sites / patterns: 325 / 319
Gaps: 3.72 %
Invariant sites: 13.54 %

Partition 17: EOG091G0814
Model: LG+FC+G8m+B
Alignment sites / patterns: 457 / 443
Gaps: 4.62 %
Invariant sites: 12.25 %

Partition 18: EOG091G0B9T
Model: LG+FC+G8m+B
Alignment sites / patterns: 395 / 379
Gaps: 4.02 %
Invariant sites: 14.68 %

Partition 19: EOG091G0DTP
Model: LG+FC+G8m+B
Alignment sites / patterns: 355 / 348
Gaps: 17.02 %
Invariant sites: 6.76 %

Partition 20: EOG091G0G71
Model: LG+FC+G8m+B
Alignment sites / patterns: 289 / 283
Gaps: 5.15 %
Invariant sites: 9.69 %

Partition 21: EOG091G0GZ4
Model: LG+FC+G8m+B
Alignment sites / patterns: 527 / 524
Gaps: 36.54 %
Invariant sites: 5.12 %

Partition 22: EOG091G01TH
Model: LG+FC+G8m+B
Alignment sites / patterns: 971 / 850
Gaps: 3.44 %
Invariant sites: 18.95 %

Partition 23: EOG091G01XI
Model: LG+FC+G8m+B
Alignment sites / patterns: 999 / 961
Gaps: 7.13 %
Invariant sites: 11.21 %

Partition 24: EOG091G03B9
Model: LG+FC+G8m+B
Alignment sites / patterns: 641 / 587
Gaps: 7.41 %
Invariant sites: 22.00 %

Partition 25: EOG091G053D
Model: LG+FC+G8m+B
Alignment sites / patterns: 589 / 567
Gaps: 11.44 %
Invariant sites: 11.38 %

Partition 26: EOG091G06MR
Model: LG+FC+G8m+B
Alignment sites / patterns: 499 / 482
Gaps: 5.84 %
Invariant sites: 16.83 %

Partition 27: EOG091G0DXP
Model: LG+FC+G8m+B
Alignment sites / patterns: 261 / 232
Gaps: 5.74 %
Invariant sites: 25.29 %

Partition 28: EOG091G0IS6
Model: LG+FC+G8m+B
Alignment sites / patterns: 481 / 475
Gaps: 8.42 %
Invariant sites: 9.36 %

Partition 29: EOG091G0JU7
Model: LG+FC+G8m+B
Alignment sites / patterns: 275 / 274
Gaps: 3.94 %
Invariant sites: 16.00 %

Partition 30: EOG091G07OD
Model: LG+FC+G8m+B
Alignment sites / patterns: 499 / 491
Gaps: 25.40 %
Invariant sites: 9.62 %

Partition 31: EOG091G085U
Model: LG+FC+G8m+B
Alignment sites / patterns: 1069 / 1064
Gaps: 27.62 %
Invariant sites: 5.99 %

Partition 32: EOG091G03XO
Model: LG+FC+G8m+B
Alignment sites / patterns: 539 / 484
Gaps: 5.78 %
Invariant sites: 30.06 %

Partition 33: EOG091G06M8
Model: LG+FC+G8m+B
Alignment sites / patterns: 578 / 463
Gaps: 3.26 %
Invariant sites: 28.20 %

Partition 34: EOG091G07Z5
Model: LG+FC+G8m+B
Alignment sites / patterns: 511 / 466
Gaps: 14.41 %
Invariant sites: 26.03 %

Partition 35: EOG091G0DQ3
Model: LG+FC+G8m+B
Alignment sites / patterns: 440 / 430
Gaps: 11.33 %
Invariant sites: 12.05 %

Partition 36: EOG091G04GW
Model: LG+FC+G8m+B
Alignment sites / patterns: 850 / 801
Gaps: 17.05 %
Invariant sites: 20.71 %

Partition 37: EOG091G07S9
Model: LG+FC+G8m+B
Alignment sites / patterns: 518 / 481
Gaps: 4.62 %
Invariant sites: 22.59 %

Partition 38: EOG091G09V2
Model: LG+FC+G8m+B
Alignment sites / patterns: 635 / 624
Gaps: 11.29 %
Invariant sites: 9.92 %

Partition 39: EOG091G0BHP
Model: LG+FC+G8m+B
Alignment sites / patterns: 416 / 348
Gaps: 7.05 %
Invariant sites: 36.30 %

Partition 40: EOG091G0C2M
Model: LG+FC+G8m+B
Alignment sites / patterns: 490 / 469
Gaps: 9.21 %
Invariant sites: 13.47 %

Partition 41: EOG091G0EMF
Model: LG+FC+G8m+B
Alignment sites / patterns: 184 / 176
Gaps: 3.59 %
Invariant sites: 16.30 %

Partition 42: EOG091G0O6E
Model: LG+FC+G8m+B
Alignment sites / patterns: 287 / 277
Gaps: 4.60 %
Invariant sites: 13.24 %

Partition 43: EOG091G00MI
Model: LG+FC+G8m+B
Alignment sites / patterns: 418 / 402
Gaps: 9.73 %
Invariant sites: 15.79 %

Partition 44: EOG091G0ELS
Model: LG+FC+G8m+B
Alignment sites / patterns: 360 / 356
Gaps: 12.16 %
Invariant sites: 9.72 %

Partition 45: EOG091G0ERU
Model: LG+FC+G8m+B
Alignment sites / patterns: 520 / 484
Gaps: 13.07 %
Invariant sites: 17.50 %

Partition 46: EOG091G0GQO
Model: LG+FC+G8m+B
Alignment sites / patterns: 314 / 312
Gaps: 14.70 %
Invariant sites: 10.51 %

Partition 47: EOG091G0HS8
Model: LG+FC+G8m+B
Alignment sites / patterns: 280 / 280
Gaps: 3.89 %
Invariant sites: 5.00 %

Partition 48: EOG091G0I2X
Model: LG+FC+G8m+B
Alignment sites / patterns: 388 / 387
Gaps: 26.59 %
Invariant sites: 6.44 %

Partition 49: EOG091G0IWR
Model: LG+FC+G8m+B
Alignment sites / patterns: 305 / 300
Gaps: 10.99 %
Invariant sites: 13.44 %

Partition 50: EOG091G0KS8
Model: LG+FC+G8m+B
Alignment sites / patterns: 212 / 207
Gaps: 1.30 %
Invariant sites: 8.49 %

Partition 51: EOG091G0P9B
Model: LG+FC+G8m+B
Alignment sites / patterns: 173 / 169
Gaps: 4.79 %
Invariant sites: 14.45 %

Partition 52: EOG091G01VH
Model: LG+FC+G8m+B
Alignment sites / patterns: 1188 / 1047
Gaps: 4.92 %
Invariant sites: 28.79 %

Partition 53: EOG091G026I
Model: LG+FC+G8m+B
Alignment sites / patterns: 1040 / 1037
Gaps: 16.80 %
Invariant sites: 5.96 %

Partition 54: EOG091G03TZ
Model: LG+FC+G8m+B
Alignment sites / patterns: 924 / 918
Gaps: 19.15 %
Invariant sites: 6.60 %

Partition 55: EOG091G0FZN
Model: LG+FC+G8m+B
Alignment sites / patterns: 603 / 594
Gaps: 19.70 %
Invariant sites: 7.63 %

Partition 56: EOG091G0H14
Model: LG+FC+G8m+B
Alignment sites / patterns: 256 / 252
Gaps: 4.90 %
Invariant sites: 12.50 %

Partition 57: EOG091G0IDS
Model: LG+FC+G8m+B
Alignment sites / patterns: 338 / 338
Gaps: 10.46 %
Invariant sites: 4.44 %

Partition 58: EOG091G0IYB
Model: LG+FC+G8m+B
Alignment sites / patterns: 820 / 777
Gaps: 8.58 %
Invariant sites: 23.90 %

Partition 59: EOG091G0MJA
Model: LG+FC+G8m+B
Alignment sites / patterns: 257 / 250
Gaps: 10.32 %
Invariant sites: 18.29 %

Partition 60: EOG091G0ULR
Model: LG+FC+G8m+B
Alignment sites / patterns: 229 / 228
Gaps: 4.89 %
Invariant sites: 7.86 %

Partition 61: EOG091G017G
Model: LG+FC+G8m+B
Alignment sites / patterns: 972 / 845
Gaps: 6.00 %
Invariant sites: 31.17 %

Partition 62: EOG091G09BP
Model: LG+FC+G8m+B
Alignment sites / patterns: 458 / 446
Gaps: 3.37 %
Invariant sites: 14.85 %

Partition 63: EOG091G0J56
Model: LG+FC+G8m+B
Alignment sites / patterns: 527 / 475
Gaps: 9.84 %
Invariant sites: 22.39 %

Partition 64: EOG091G03M4
Model: LG+FC+G8m+B
Alignment sites / patterns: 756 / 721
Gaps: 7.02 %
Invariant sites: 16.93 %

Partition 65: EOG091G0BG4
Model: LG+FC+G8m+B
Alignment sites / patterns: 435 / 424
Gaps: 9.44 %
Invariant sites: 10.80 %

Partition 66: EOG091G0ID9
Model: LG+FC+G8m+B
Alignment sites / patterns: 377 / 354
Gaps: 9.38 %
Invariant sites: 24.40 %

Partition 67: EOG091G0K95
Model: LG+FC+G8m+B
Alignment sites / patterns: 445 / 441
Gaps: 15.02 %
Invariant sites: 7.87 %

Partition 68: EOG091G017T
Model: LG+FC+G8m+B
Alignment sites / patterns: 1045 / 872
Gaps: 5.45 %
Invariant sites: 26.70 %

Partition 69: EOG091G03BV
Model: LG+FC+G8m+B
Alignment sites / patterns: 591 / 403
Gaps: 4.19 %
Invariant sites: 53.47 %

Partition 70: EOG091G03RW
Model: LG+FC+G8m+B
Alignment sites / patterns: 708 / 622
Gaps: 3.25 %
Invariant sites: 16.81 %

Partition 71: EOG091G06HP
Model: LG+FC+G8m+B
Alignment sites / patterns: 455 / 323
Gaps: 7.24 %
Invariant sites: 45.71 %

Partition 72: EOG091G09D8
Model: LG+FC+G8m+B
Alignment sites / patterns: 387 / 384
Gaps: 8.33 %
Invariant sites: 8.01 %


NOTE: Binary MSA file created: concatenatAAS_cons25.aln.raxml.rba

[00:00:11] Loading constraint tree from: constrain_tree.aln
[00:00:11] Loaded non-comprehensive constraint tree with 30 taxa

Parallelization scheme autoconfig: 1 worker(s) x 16 thread(s)

[00:00:11] Generating 5 random starting tree(s) with 167 taxa
[00:00:11] Generating 5 parsimony starting tree(s) with 167 taxa
Parallel parsimony with 16 threads
Parallel reduction/worker buffer size: 18 KB  / 0 KB

[00:00:14] Data distribution: max. partitions/sites/weight per thread: 6 / 2287 / 365920
[00:00:14] Data distribution: max. searches per worker: 20

Starting ML tree search with 10 distinct starting trees

[01:59:13] ML tree search #1, logLikelihood: -1885529.686809
[04:29:28] ML tree search #2, logLikelihood: -1885291.151581
[06:16:09] ML tree search #3, logLikelihood: -1885282.391527
[08:14:10] ML tree search #4, logLikelihood: -1885288.789454
[11:04:00] ML tree search #5, logLikelihood: -1886540.275994
[12:03:19] ML tree search #6, logLikelihood: -1878046.175837
[13:14:15] ML tree search #7, logLikelihood: -1878974.026584
[14:19:51] ML tree search #8, logLikelihood: -1878046.175747
[15:27:20] ML tree search #9, logLikelihood: -1878036.893977
[16:34:47] ML tree search #10, logLikelihood: -1878033.269450

[16:34:48] ML tree search completed, best tree logLH: -1878033.269450

[16:34:48] Starting bootstrapping analysis with 10 replicates.

[17:22:58] Bootstrap tree #1, logLikelihood: -1876609.028463
[18:21:31] Bootstrap tree #2, logLikelihood: -1887313.759003
[19:00:54] Bootstrap tree #3, logLikelihood: -1863478.219179
[19:50:02] Bootstrap tree #4, logLikelihood: -1855899.519597
[20:43:36] Bootstrap tree #5, logLikelihood: -1890242.407114
[21:39:08] Bootstrap tree #6, logLikelihood: -1886773.537367
[22:26:55] Bootstrap tree #7, logLikelihood: -1875162.001458
[23:27:58] Bootstrap tree #8, logLikelihood: -1876986.717699
[24:36:11] Bootstrap tree #9, logLikelihood: -1867190.148639
[25:45:20] Bootstrap tree #10, logLikelihood: -1885403.934909


Final LogLikelihood: -1878033.269450

AIC score: 3759792.538900 / AICc score: 3759979.079080 / BIC score: 3775765.482543
Free parameters (model + branch lengths): 1863

Best ML tree saved to: concatenatAAS_cons25.aln.raxml.bestTree
All ML trees saved to: concatenatAAS_cons25.aln.raxml.mlTrees
Best ML tree with Felsenstein bootstrap (FBP) support values saved to: concatenatAAS_cons25.aln.raxml.support
Optimized model saved to: concatenatAAS_cons25.aln.raxml.bestModel
Bootstrap trees saved to: concatenatAAS_cons25.aln.raxml.bootstraps

Execution log saved to: concatenatAAS_cons25.aln.raxml.log

Analysis started: 02-Aug-2023 07:40:38 / finished: 03-Aug-2023 09:26:01

Elapsed time: 92722.880 seconds

