
RAxML-NG v. 1.2.0 released on 09.05.2023 by The Exelixis Lab.
Developed by: Alexey M. Kozlov and Alexandros Stamatakis.
Contributors: Diego Darriba, Tomas Flouri, Benoit Morel, Sarah Lutteropp, Ben Bettisworth, Julia Haag, Anastasis Togkousidis.
Latest version: https://github.com/amkozlov/raxml-ng
Questions/problems/suggestions? Please visit: https://groups.google.com/forum/#!forum/raxml

System: Intel(R) Xeon(R) CPU E5-2650 v4 @ 2.20GHz, 24 cores, 377 GB RAM

RAxML-NG was called at 02-Aug-2023 07:40:38 as follows:

raxml-ng --all --msa concatenatAAS_cons25.aln --model aas_cons.part --threads auto{16} --bs-trees 10 --tree pars{5},rand{5} --redo --tree-constraint constrain_tree.aln

Analysis options:
  run mode: ML tree search + bootstrapping (Felsenstein Bootstrap)
  start tree(s): random (5) + parsimony (5)
  bootstrap replicates: parsimony (10)
  topological constraint: constrain_tree.aln (algorithm: NEW)
  random seed: 1690954838
  tip-inner: OFF
  pattern compression: ON
  per-rate scalers: OFF
  site repeats: ON
  logLH epsilon: general: 10.000000, brlen-triplet: 1000.000000
  fast spr radius: AUTO
  spr subtree cutoff: 1.000000
  fast CLV updates: ON
  branch lengths: proportional (ML estimate, algorithm: NR-FAST)
  SIMD kernels: AVX2
  parallelization: coarse-grained (auto), PTHREADS (auto)

WARNING: Running in REDO mode: existing checkpoints are ignored, and all result files will be overwritten!

[00:00:03] Reading alignment from file: concatenatAAS_cons25.aln
[00:00:07] Loaded alignment with 358 taxa and 41100 sites

Alignment comprises 73 partitions and 38034 patterns

Partition 0: EOG091G02B4
Model: LG+FC+G8m+B
Alignment sites / patterns: 1371 / 1308
Gaps: 7.69 %
Invariant sites: 17.14 %

Partition 1: EOG091G06OP
Model: LG+FC+G8m+B
Alignment sites / patterns: 548 / 511
Gaps: 3.61 %
Invariant sites: 21.90 %

Partition 2: EOG091G0FYY
Model: LG+FC+G8m+B
Alignment sites / patterns: 300 / 295
Gaps: 28.80 %
Invariant sites: 13.00 %

Partition 3: EOG091G0CFP
Model: LG+FC+G8m+B
Alignment sites / patterns: 308 / 301
Gaps: 2.61 %
Invariant sites: 21.10 %

Partition 4: EOG091G0E8J
Model: LG+FC+G8m+B
Alignment sites / patterns: 721 / 616
Gaps: 46.73 %
Invariant sites: 39.81 %

Partition 5: EOG091G065D
Model: LG+FC+G8m+B
Alignment sites / patterns: 544 / 511
Gaps: 3.83 %
Invariant sites: 22.43 %

Partition 6: EOG091G0BHV
Model: LG+FC+G8m+B
Alignment sites / patterns: 309 / 299
Gaps: 2.73 %
Invariant sites: 12.30 %

Partition 7: EOG091G0291
Model: LG+FC+G8m+B
Alignment sites / patterns: 780 / 568
Gaps: 55.33 %
Invariant sites: 50.26 %

Partition 8: EOG091G0MBG
Model: LG+FC+G8m+B
Alignment sites / patterns: 392 / 388
Gaps: 24.64 %
Invariant sites: 5.36 %

Partition 9: EOG091G0627
Model: LG+FC+G8m+B
Alignment sites / patterns: 1064 / 777
Gaps: 52.65 %
Invariant sites: 39.66 %

Partition 10: EOG091G09L6
Model: LG+FC+G8m+B
Alignment sites / patterns: 519 / 487
Gaps: 54.63 %
Invariant sites: 19.85 %

Partition 11: EOG091G0AZ7
Model: LG+FC+G8m+B
Alignment sites / patterns: 417 / 414
Gaps: 14.36 %
Invariant sites: 5.04 %

Partition 12: EOG091G01EW
Model: LG+FC+G8m+B
Alignment sites / patterns: 862 / 784
Gaps: 2.73 %
Invariant sites: 25.99 %

Partition 13: EOG091G03QC
Model: LG+FC+G8m+B
Alignment sites / patterns: 871 / 839
Gaps: 21.72 %
Invariant sites: 13.55 %

Partition 14: EOG091G07KL
Model: LG+FC+G8m+B
Alignment sites / patterns: 873 / 826
Gaps: 28.62 %
Invariant sites: 15.01 %

Partition 15: EOG091G08NN
Model: LG+FC+G8m+B
Alignment sites / patterns: 398 / 361
Gaps: 32.81 %
Invariant sites: 31.41 %

Partition 16: EOG091G0CW2
Model: LG+FC+G8m+B
Alignment sites / patterns: 371 / 365
Gaps: 21.84 %
Invariant sites: 19.95 %

Partition 17: EOG091G0814
Model: LG+FC+G8m+B
Alignment sites / patterns: 461 / 452
Gaps: 3.86 %
Invariant sites: 8.68 %

Partition 18: EOG091G0B9T
Model: LG+FC+G8m+B
Alignment sites / patterns: 406 / 387
Gaps: 24.34 %
Invariant sites: 26.35 %

Partition 19: EOG091G0DTP
Model: LG+FC+G8m+B
Alignment sites / patterns: 372 / 352
Gaps: 46.91 %
Invariant sites: 18.55 %

Partition 20: EOG091G0G71
Model: LG+FC+G8m+B
Alignment sites / patterns: 845 / 491
Gaps: 63.71 %
Invariant sites: 54.20 %

Partition 21: EOG091G0GZ4
Model: LG+FC+G8m+B
Alignment sites / patterns: 455 / 451
Gaps: 20.46 %
Invariant sites: 8.57 %

Partition 22: EOG091G01TH
Model: LG+FC+G8m+B
Alignment sites / patterns: 984 / 958
Gaps: 7.15 %
Invariant sites: 14.43 %

Partition 23: EOG091G01XI
Model: LG+FC+G8m+B
Alignment sites / patterns: 974 / 878
Gaps: 2.15 %
Invariant sites: 13.55 %

Partition 24: EOG091G03B9
Model: LG+FC+G8m+B
Alignment sites / patterns: 647 / 616
Gaps: 16.07 %
Invariant sites: 26.28 %

Partition 25: EOG091G053D
Model: LG+FC+G8m+B
Alignment sites / patterns: 555 / 520
Gaps: 51.52 %
Invariant sites: 24.68 %

Partition 26: EOG091G06MR
Model: LG+FC+G8m+B
Alignment sites / patterns: 499 / 477
Gaps: 6.51 %
Invariant sites: 22.65 %

Partition 27: EOG091G0DXP
Model: LG+FC+G8m+B
Alignment sites / patterns: 259 / 229
Gaps: 2.76 %
Invariant sites: 28.57 %

Partition 28: EOG091G0IS6
Model: LG+FC+G8m+B
Alignment sites / patterns: 471 / 460
Gaps: 9.19 %
Invariant sites: 14.44 %

Partition 29: EOG091G0JU7
Model: LG+FC+G8m+B
Alignment sites / patterns: 275 / 269
Gaps: 10.88 %
Invariant sites: 20.73 %

Partition 30: EOG091G07OD
Model: LG+FC+G8m+B
Alignment sites / patterns: 454 / 438
Gaps: 12.27 %
Invariant sites: 11.89 %

Partition 31: EOG091G085U
Model: LG+FC+G8m+B
Alignment sites / patterns: 1126 / 1107
Gaps: 57.87 %
Invariant sites: 10.83 %

Partition 32: EOG091G03XO
Model: LG+FC+G8m+B
Alignment sites / patterns: 527 / 489
Gaps: 8.85 %
Invariant sites: 29.03 %

Partition 33: EOG091G06M8
Model: LG+FC+G8m+B
Alignment sites / patterns: 564 / 490
Gaps: 44.04 %
Invariant sites: 29.96 %

Partition 34: EOG091G07Z5
Model: LG+FC+G8m+B
Alignment sites / patterns: 528 / 493
Gaps: 33.86 %
Invariant sites: 31.63 %

Partition 35: EOG091G0DQ3
Model: LG+FC+G8m+B
Alignment sites / patterns: 450 / 439
Gaps: 14.61 %
Invariant sites: 15.78 %

Partition 36: EOG091G04GW
Model: LG+FC+G8m+B
Alignment sites / patterns: 609 / 590
Gaps: 11.90 %
Invariant sites: 22.00 %

Partition 37: EOG091G07S9
Model: LG+FC+G8m+B
Alignment sites / patterns: 528 / 498
Gaps: 10.22 %
Invariant sites: 18.56 %

Partition 38: EOG091G09V2
Model: LG+FC+G8m+B
Alignment sites / patterns: 662 / 653
Gaps: 6.59 %
Invariant sites: 9.97 %

Partition 39: EOG091G0BHP
Model: LG+FC+G8m+B
Alignment sites / patterns: 399 / 353
Gaps: 48.59 %
Invariant sites: 41.35 %

Partition 40: EOG091G0C2M
Model: LG+FC+G8m+B
Alignment sites / patterns: 497 / 480
Gaps: 12.90 %
Invariant sites: 14.69 %

Partition 41: EOG091G0EMF
Model: LG+FC+G8m+B
Alignment sites / patterns: 190 / 182
Gaps: 2.64 %
Invariant sites: 20.00 %

Partition 42: EOG091G0O6E
Model: LG+FC+G8m+B
Alignment sites / patterns: 279 / 261
Gaps: 15.84 %
Invariant sites: 22.94 %

Partition 43: EOG091G00MI
Model: LG+FC+G8m+B
Alignment sites / patterns: 760 / 615
Gaps: 59.54 %
Invariant sites: 47.76 %

Partition 44: EOG091G0ELS
Model: LG+FC+G8m+B
Alignment sites / patterns: 401 / 335
Gaps: 64.78 %
Invariant sites: 35.91 %

Partition 45: EOG091G0ERU
Model: LG+FC+G8m+B
Alignment sites / patterns: 503 / 465
Gaps: 5.88 %
Invariant sites: 22.07 %

Partition 46: EOG091G0GQO
Model: LG+FC+G8m+B
Alignment sites / patterns: 305 / 297
Gaps: 18.72 %
Invariant sites: 15.74 %

Partition 47: EOG091G0HS8
Model: LG+FC+G8m+B
Alignment sites / patterns: 283 / 283
Gaps: 9.87 %
Invariant sites: 4.95 %

Partition 48: EOG091G0I2X
Model: LG+FC+G8m+B
Alignment sites / patterns: 506 / 500
Gaps: 27.36 %
Invariant sites: 8.70 %

Partition 49: EOG091G0IWR
Model: LG+FC+G8m+B
Alignment sites / patterns: 310 / 304
Gaps: 37.84 %
Invariant sites: 15.16 %

Partition 50: EOG091G0KS8
Model: LG+FC+G8m+B
Alignment sites / patterns: 237 / 228
Gaps: 27.14 %
Invariant sites: 18.57 %

Partition 51: EOG091G0P9B
Model: LG+FC+G8m+B
Alignment sites / patterns: 173 / 168
Gaps: 10.02 %
Invariant sites: 15.03 %

Partition 52: EOG091G01VH
Model: LG+FC+G8m+B
Alignment sites / patterns: 1177 / 1090
Gaps: 62.34 %
Invariant sites: 20.48 %

Partition 53: EOG091G026I
Model: LG+FC+G8m+B
Alignment sites / patterns: 982 / 957
Gaps: 5.35 %
Invariant sites: 15.38 %

Partition 54: EOG091G03TZ
Model: LG+FC+G8m+B
Alignment sites / patterns: 858 / 829
Gaps: 48.67 %
Invariant sites: 12.82 %

Partition 55: EOG091G0FZN
Model: LG+FC+G8m+B
Alignment sites / patterns: 565 / 556
Gaps: 8.86 %
Invariant sites: 10.80 %

Partition 56: EOG091G0H14
Model: LG+FC+G8m+B
Alignment sites / patterns: 253 / 251
Gaps: 9.33 %
Invariant sites: 13.04 %

Partition 57: EOG091G0IDS
Model: LG+FC+G8m+B
Alignment sites / patterns: 327 / 322
Gaps: 10.30 %
Invariant sites: 8.26 %

Partition 58: EOG091G0IYB
Model: LG+FC+G8m+B
Alignment sites / patterns: 805 / 767
Gaps: 7.11 %
Invariant sites: 19.50 %

Partition 59: EOG091G0MJA
Model: LG+FC+G8m+B
Alignment sites / patterns: 246 / 233
Gaps: 5.32 %
Invariant sites: 23.98 %

Partition 60: EOG091G0ULR
Model: LG+FC+G8m+B
Alignment sites / patterns: 224 / 222
Gaps: 9.67 %
Invariant sites: 9.38 %

Partition 61: EOG091G017G
Model: LG+FC+G8m+B
Alignment sites / patterns: 972 / 923
Gaps: 8.32 %
Invariant sites: 26.65 %

Partition 62: EOG091G09BP
Model: LG+FC+G8m+B
Alignment sites / patterns: 494 / 485
Gaps: 12.27 %
Invariant sites: 15.79 %

Partition 63: EOG091G0J56
Model: LG+FC+G8m+B
Alignment sites / patterns: 524 / 471
Gaps: 1.80 %
Invariant sites: 22.14 %

Partition 64: EOG091G03M4
Model: LG+FC+G8m+B
Alignment sites / patterns: 710 / 675
Gaps: 13.08 %
Invariant sites: 21.83 %

Partition 65: EOG091G0BG4
Model: LG+FC+G8m+B
Alignment sites / patterns: 607 / 578
Gaps: 41.00 %
Invariant sites: 20.59 %

Partition 66: EOG091G0ID9
Model: LG+FC+G8m+B
Alignment sites / patterns: 351 / 279
Gaps: 42.66 %
Invariant sites: 48.72 %

Partition 67: EOG091G0K95
Model: LG+FC+G8m+B
Alignment sites / patterns: 409 / 403
Gaps: 3.41 %
Invariant sites: 7.58 %

Partition 68: EOG091G017T
Model: LG+FC+G8m+B
Alignment sites / patterns: 1024 / 902
Gaps: 28.83 %
Invariant sites: 28.91 %

Partition 69: EOG091G03BV
Model: LG+FC+G8m+B
Alignment sites / patterns: 799 / 711
Gaps: 28.29 %
Invariant sites: 34.92 %

Partition 70: EOG091G03RW
Model: LG+FC+G8m+B
Alignment sites / patterns: 770 / 749
Gaps: 14.60 %
Invariant sites: 17.27 %

Partition 71: EOG091G06HP
Model: LG+FC+G8m+B
Alignment sites / patterns: 480 / 396
Gaps: 26.08 %
Invariant sites: 48.33 %

Partition 72: EOG091G09D8
Model: LG+FC+G8m+B
Alignment sites / patterns: 381 / 377
Gaps: 8.06 %
Invariant sites: 9.45 %


NOTE: Binary MSA file created: concatenatAAS_cons25.aln.raxml.rba

[00:00:11] Loading constraint tree from: constrain_tree.aln
[00:00:11] Loaded non-comprehensive constraint tree with 39 taxa

Parallelization scheme autoconfig: 1 worker(s) x 16 thread(s)

[00:00:11] Generating 5 random starting tree(s) with 358 taxa
[00:00:12] Generating 5 parsimony starting tree(s) with 358 taxa
Parallel parsimony with 16 threads
Parallel reduction/worker buffer size: 18 KB  / 0 KB

[00:00:42] Data distribution: max. partitions/sites/weight per thread: 6 / 2378 / 380480
[00:00:43] Data distribution: max. searches per worker: 20

Starting ML tree search with 10 distinct starting trees

[19:34:34] ML tree search #1, logLikelihood: -1979423.540898
[46:33:32] ML tree search #2, logLikelihood: -2026898.928637
[69:28:10] ML tree search #3, logLikelihood: -2005477.027186
[84:42:38] ML tree search #4, logLikelihood: -1978921.303242
[110:21:31] ML tree search #5, logLikelihood: -1990724.445697

RAxML-NG v. 1.2.0 released on 09.05.2023 by The Exelixis Lab.
Developed by: Alexey M. Kozlov and Alexandros Stamatakis.
Contributors: Diego Darriba, Tomas Flouri, Benoit Morel, Sarah Lutteropp, Ben Bettisworth, Julia Haag, Anastasis Togkousidis.
Latest version: https://github.com/amkozlov/raxml-ng
Questions/problems/suggestions? Please visit: https://groups.google.com/forum/#!forum/raxml

System: Intel(R) Xeon(R) CPU E5-2660 0 @ 2.20GHz, 16 cores, 125 GB RAM

RAxML-NG was called at 07-Aug-2023 08:47:14 as follows:

raxml-ng --all --msa concatenatAAS_cons25.aln --model aas_cons.part --threads auto{16} --bs-trees 10 --tree pars{5},rand{5} --tree-constraint constrain_tree.aln

Analysis options:
  run mode: ML tree search + bootstrapping (Felsenstein Bootstrap)
  start tree(s): random (5) + parsimony (5)
  bootstrap replicates: parsimony (10)
  topological constraint: constrain_tree.aln (algorithm: NEW)
  random seed: 1691390834
  tip-inner: OFF
  pattern compression: ON
  per-rate scalers: OFF
  site repeats: ON
  logLH epsilon: general: 10.000000, brlen-triplet: 1000.000000
  fast spr radius: AUTO
  spr subtree cutoff: 1.000000
  fast CLV updates: ON
  branch lengths: proportional (ML estimate, algorithm: NR-FAST)
  SIMD kernels: AVX
  parallelization: coarse-grained (auto), PTHREADS (auto)

WARNING: The model you specified on the command line (aas_cons.part) will be ignored 
         since the binary MSA file already contains a model definition.
         If you want to change the model, please re-run RAxML-NG 
         with the original PHYLIP/FASTA alignment and --redo option.

[00:00:00] Loading binary alignment from file: concatenatAAS_cons25.aln.raxml.rba
[00:00:00] Alignment comprises 358 taxa, 73 partitions and 38034 patterns

Partition 0: EOG091G02B4
Model: LG+FC+G8m+B
Alignment sites / patterns: 1371 / 1308
Gaps: 7.69 %
Invariant sites: 17.14 %

Partition 1: EOG091G06OP
Model: LG+FC+G8m+B
Alignment sites / patterns: 548 / 511
Gaps: 3.61 %
Invariant sites: 21.90 %

Partition 2: EOG091G0FYY
Model: LG+FC+G8m+B
Alignment sites / patterns: 300 / 295
Gaps: 28.80 %
Invariant sites: 13.00 %

Partition 3: EOG091G0CFP
Model: LG+FC+G8m+B
Alignment sites / patterns: 308 / 301
Gaps: 2.61 %
Invariant sites: 21.10 %

Partition 4: EOG091G0E8J
Model: LG+FC+G8m+B
Alignment sites / patterns: 721 / 616
Gaps: 46.73 %
Invariant sites: 39.81 %

Partition 5: EOG091G065D
Model: LG+FC+G8m+B
Alignment sites / patterns: 544 / 511
Gaps: 3.83 %
Invariant sites: 22.43 %

Partition 6: EOG091G0BHV
Model: LG+FC+G8m+B
Alignment sites / patterns: 309 / 299
Gaps: 2.73 %
Invariant sites: 12.30 %

Partition 7: EOG091G0291
Model: LG+FC+G8m+B
Alignment sites / patterns: 780 / 568
Gaps: 55.33 %
Invariant sites: 50.26 %

Partition 8: EOG091G0MBG
Model: LG+FC+G8m+B
Alignment sites / patterns: 392 / 388
Gaps: 24.64 %
Invariant sites: 5.36 %

Partition 9: EOG091G0627
Model: LG+FC+G8m+B
Alignment sites / patterns: 1064 / 777
Gaps: 52.65 %
Invariant sites: 39.66 %

Partition 10: EOG091G09L6
Model: LG+FC+G8m+B
Alignment sites / patterns: 519 / 487
Gaps: 54.63 %
Invariant sites: 19.85 %

Partition 11: EOG091G0AZ7
Model: LG+FC+G8m+B
Alignment sites / patterns: 417 / 414
Gaps: 14.36 %
Invariant sites: 5.04 %

Partition 12: EOG091G01EW
Model: LG+FC+G8m+B
Alignment sites / patterns: 862 / 784
Gaps: 2.73 %
Invariant sites: 25.99 %

Partition 13: EOG091G03QC
Model: LG+FC+G8m+B
Alignment sites / patterns: 871 / 839
Gaps: 21.72 %
Invariant sites: 13.55 %

Partition 14: EOG091G07KL
Model: LG+FC+G8m+B
Alignment sites / patterns: 873 / 826
Gaps: 28.62 %
Invariant sites: 15.01 %

Partition 15: EOG091G08NN
Model: LG+FC+G8m+B
Alignment sites / patterns: 398 / 361
Gaps: 32.81 %
Invariant sites: 31.41 %

Partition 16: EOG091G0CW2
Model: LG+FC+G8m+B
Alignment sites / patterns: 371 / 365
Gaps: 21.84 %
Invariant sites: 19.95 %

Partition 17: EOG091G0814
Model: LG+FC+G8m+B
Alignment sites / patterns: 461 / 452
Gaps: 3.86 %
Invariant sites: 8.68 %

Partition 18: EOG091G0B9T
Model: LG+FC+G8m+B
Alignment sites / patterns: 406 / 387
Gaps: 24.34 %
Invariant sites: 26.35 %

Partition 19: EOG091G0DTP
Model: LG+FC+G8m+B
Alignment sites / patterns: 372 / 352
Gaps: 46.91 %
Invariant sites: 18.55 %

Partition 20: EOG091G0G71
Model: LG+FC+G8m+B
Alignment sites / patterns: 845 / 491
Gaps: 63.71 %
Invariant sites: 54.20 %

Partition 21: EOG091G0GZ4
Model: LG+FC+G8m+B
Alignment sites / patterns: 455 / 451
Gaps: 20.46 %
Invariant sites: 8.57 %

Partition 22: EOG091G01TH
Model: LG+FC+G8m+B
Alignment sites / patterns: 984 / 958
Gaps: 7.15 %
Invariant sites: 14.43 %

Partition 23: EOG091G01XI
Model: LG+FC+G8m+B
Alignment sites / patterns: 974 / 878
Gaps: 2.15 %
Invariant sites: 13.55 %

Partition 24: EOG091G03B9
Model: LG+FC+G8m+B
Alignment sites / patterns: 647 / 616
Gaps: 16.07 %
Invariant sites: 26.28 %

Partition 25: EOG091G053D
Model: LG+FC+G8m+B
Alignment sites / patterns: 555 / 520
Gaps: 51.52 %
Invariant sites: 24.68 %

Partition 26: EOG091G06MR
Model: LG+FC+G8m+B
Alignment sites / patterns: 499 / 477
Gaps: 6.51 %
Invariant sites: 22.65 %

Partition 27: EOG091G0DXP
Model: LG+FC+G8m+B
Alignment sites / patterns: 259 / 229
Gaps: 2.76 %
Invariant sites: 28.57 %

Partition 28: EOG091G0IS6
Model: LG+FC+G8m+B
Alignment sites / patterns: 471 / 460
Gaps: 9.19 %
Invariant sites: 14.44 %

Partition 29: EOG091G0JU7
Model: LG+FC+G8m+B
Alignment sites / patterns: 275 / 269
Gaps: 10.88 %
Invariant sites: 20.73 %

Partition 30: EOG091G07OD
Model: LG+FC+G8m+B
Alignment sites / patterns: 454 / 438
Gaps: 12.27 %
Invariant sites: 11.89 %

Partition 31: EOG091G085U
Model: LG+FC+G8m+B
Alignment sites / patterns: 1126 / 1107
Gaps: 57.87 %
Invariant sites: 10.83 %

Partition 32: EOG091G03XO
Model: LG+FC+G8m+B
Alignment sites / patterns: 527 / 489
Gaps: 8.85 %
Invariant sites: 29.03 %

Partition 33: EOG091G06M8
Model: LG+FC+G8m+B
Alignment sites / patterns: 564 / 490
Gaps: 44.04 %
Invariant sites: 29.96 %

Partition 34: EOG091G07Z5
Model: LG+FC+G8m+B
Alignment sites / patterns: 528 / 493
Gaps: 33.86 %
Invariant sites: 31.63 %

Partition 35: EOG091G0DQ3
Model: LG+FC+G8m+B
Alignment sites / patterns: 450 / 439
Gaps: 14.61 %
Invariant sites: 15.78 %

Partition 36: EOG091G04GW
Model: LG+FC+G8m+B
Alignment sites / patterns: 609 / 590
Gaps: 11.90 %
Invariant sites: 22.00 %

Partition 37: EOG091G07S9
Model: LG+FC+G8m+B
Alignment sites / patterns: 528 / 498
Gaps: 10.22 %
Invariant sites: 18.56 %

Partition 38: EOG091G09V2
Model: LG+FC+G8m+B
Alignment sites / patterns: 662 / 653
Gaps: 6.59 %
Invariant sites: 9.97 %

Partition 39: EOG091G0BHP
Model: LG+FC+G8m+B
Alignment sites / patterns: 399 / 353
Gaps: 48.59 %
Invariant sites: 41.35 %

Partition 40: EOG091G0C2M
Model: LG+FC+G8m+B
Alignment sites / patterns: 497 / 480
Gaps: 12.90 %
Invariant sites: 14.69 %

Partition 41: EOG091G0EMF
Model: LG+FC+G8m+B
Alignment sites / patterns: 190 / 182
Gaps: 2.64 %
Invariant sites: 20.00 %

Partition 42: EOG091G0O6E
Model: LG+FC+G8m+B
Alignment sites / patterns: 279 / 261
Gaps: 15.84 %
Invariant sites: 22.94 %

Partition 43: EOG091G00MI
Model: LG+FC+G8m+B
Alignment sites / patterns: 760 / 615
Gaps: 59.54 %
Invariant sites: 47.76 %

Partition 44: EOG091G0ELS
Model: LG+FC+G8m+B
Alignment sites / patterns: 401 / 335
Gaps: 64.78 %
Invariant sites: 35.91 %

Partition 45: EOG091G0ERU
Model: LG+FC+G8m+B
Alignment sites / patterns: 503 / 465
Gaps: 5.88 %
Invariant sites: 22.07 %

Partition 46: EOG091G0GQO
Model: LG+FC+G8m+B
Alignment sites / patterns: 305 / 297
Gaps: 18.72 %
Invariant sites: 15.74 %

Partition 47: EOG091G0HS8
Model: LG+FC+G8m+B
Alignment sites / patterns: 283 / 283
Gaps: 9.87 %
Invariant sites: 4.95 %

Partition 48: EOG091G0I2X
Model: LG+FC+G8m+B
Alignment sites / patterns: 506 / 500
Gaps: 27.36 %
Invariant sites: 8.70 %

Partition 49: EOG091G0IWR
Model: LG+FC+G8m+B
Alignment sites / patterns: 310 / 304
Gaps: 37.84 %
Invariant sites: 15.16 %

Partition 50: EOG091G0KS8
Model: LG+FC+G8m+B
Alignment sites / patterns: 237 / 228
Gaps: 27.14 %
Invariant sites: 18.57 %

Partition 51: EOG091G0P9B
Model: LG+FC+G8m+B
Alignment sites / patterns: 173 / 168
Gaps: 10.02 %
Invariant sites: 15.03 %

Partition 52: EOG091G01VH
Model: LG+FC+G8m+B
Alignment sites / patterns: 1177 / 1090
Gaps: 62.34 %
Invariant sites: 20.48 %

Partition 53: EOG091G026I
Model: LG+FC+G8m+B
Alignment sites / patterns: 982 / 957
Gaps: 5.35 %
Invariant sites: 15.38 %

Partition 54: EOG091G03TZ
Model: LG+FC+G8m+B
Alignment sites / patterns: 858 / 829
Gaps: 48.67 %
Invariant sites: 12.82 %

Partition 55: EOG091G0FZN
Model: LG+FC+G8m+B
Alignment sites / patterns: 565 / 556
Gaps: 8.86 %
Invariant sites: 10.80 %

Partition 56: EOG091G0H14
Model: LG+FC+G8m+B
Alignment sites / patterns: 253 / 251
Gaps: 9.33 %
Invariant sites: 13.04 %

Partition 57: EOG091G0IDS
Model: LG+FC+G8m+B
Alignment sites / patterns: 327 / 322
Gaps: 10.30 %
Invariant sites: 8.26 %

Partition 58: EOG091G0IYB
Model: LG+FC+G8m+B
Alignment sites / patterns: 805 / 767
Gaps: 7.11 %
Invariant sites: 19.50 %

Partition 59: EOG091G0MJA
Model: LG+FC+G8m+B
Alignment sites / patterns: 246 / 233
Gaps: 5.32 %
Invariant sites: 23.98 %

Partition 60: EOG091G0ULR
Model: LG+FC+G8m+B
Alignment sites / patterns: 224 / 222
Gaps: 9.67 %
Invariant sites: 9.38 %

Partition 61: EOG091G017G
Model: LG+FC+G8m+B
Alignment sites / patterns: 972 / 923
Gaps: 8.32 %
Invariant sites: 26.65 %

Partition 62: EOG091G09BP
Model: LG+FC+G8m+B
Alignment sites / patterns: 494 / 485
Gaps: 12.27 %
Invariant sites: 15.79 %

Partition 63: EOG091G0J56
Model: LG+FC+G8m+B
Alignment sites / patterns: 524 / 471
Gaps: 1.80 %
Invariant sites: 22.14 %

Partition 64: EOG091G03M4
Model: LG+FC+G8m+B
Alignment sites / patterns: 710 / 675
Gaps: 13.08 %
Invariant sites: 21.83 %

Partition 65: EOG091G0BG4
Model: LG+FC+G8m+B
Alignment sites / patterns: 607 / 578
Gaps: 41.00 %
Invariant sites: 20.59 %

Partition 66: EOG091G0ID9
Model: LG+FC+G8m+B
Alignment sites / patterns: 351 / 279
Gaps: 42.66 %
Invariant sites: 48.72 %

Partition 67: EOG091G0K95
Model: LG+FC+G8m+B
Alignment sites / patterns: 409 / 403
Gaps: 3.41 %
Invariant sites: 7.58 %

Partition 68: EOG091G017T
Model: LG+FC+G8m+B
Alignment sites / patterns: 1024 / 902
Gaps: 28.83 %
Invariant sites: 28.91 %

Partition 69: EOG091G03BV
Model: LG+FC+G8m+B
Alignment sites / patterns: 799 / 711
Gaps: 28.29 %
Invariant sites: 34.92 %

Partition 70: EOG091G03RW
Model: LG+FC+G8m+B
Alignment sites / patterns: 770 / 749
Gaps: 14.60 %
Invariant sites: 17.27 %

Partition 71: EOG091G06HP
Model: LG+FC+G8m+B
Alignment sites / patterns: 480 / 396
Gaps: 26.08 %
Invariant sites: 48.33 %

Partition 72: EOG091G09D8
Model: LG+FC+G8m+B
Alignment sites / patterns: 381 / 377
Gaps: 8.06 %
Invariant sites: 9.45 %


[00:00:00] Loading constraint tree from: constrain_tree.aln
[00:00:00] Loaded non-comprehensive constraint tree with 39 taxa

Parallelization scheme autoconfig: 1 worker(s) x 16 thread(s)

Parallel reduction/worker buffer size: 18 KB  / 0 KB

[00:00:00] NOTE: Resuming execution from checkpoint (logLH: -1945489.51, ML trees: 5, bootstraps: 0)
[00:00:00] Data distribution: max. partitions/sites/weight per thread: 6 / 2378 / 380480
[00:00:00] Data distribution: max. searches per worker: 15

Starting ML tree search with 10 distinct starting trees

[01:41:08] ML tree search #6, logLikelihood: -1945489.128287
[11:46:43] ML tree search #7, logLikelihood: -1947921.628955
[31:33:27] ML tree search #8, logLikelihood: -1946470.366597
[47:06:58] ML tree search #9, logLikelihood: -1947287.440182
[62:45:38] ML tree search #10, logLikelihood: -1948587.916754

[62:45:38] ML tree search completed, best tree logLH: -1945489.128287

[62:45:39] Starting bootstrapping analysis with 10 replicates.

[78:16:58] Bootstrap tree #1, logLikelihood: -1949837.502340
[88:44:50] Bootstrap tree #2, logLikelihood: -1949648.174136
[106:18:53] Bootstrap tree #3, logLikelihood: -1962800.668863
[113:49:29] Bootstrap tree #4, logLikelihood: -1933925.103972

RAxML-NG v. 1.2.0 released on 09.05.2023 by The Exelixis Lab.
Developed by: Alexey M. Kozlov and Alexandros Stamatakis.
Contributors: Diego Darriba, Tomas Flouri, Benoit Morel, Sarah Lutteropp, Ben Bettisworth, Julia Haag, Anastasis Togkousidis.
Latest version: https://github.com/amkozlov/raxml-ng
Questions/problems/suggestions? Please visit: https://groups.google.com/forum/#!forum/raxml

System: Intel(R) Xeon(R) CPU E5-2660 0 @ 2.20GHz, 16 cores, 125 GB RAM

RAxML-NG was called at 16-Aug-2023 07:02:25 as follows:

raxml-ng --all --msa concatenatAAS_cons25.aln --model aas_cons.part --threads auto{16} --bs-trees 10 --tree pars{5},rand{5} --tree-constraint constrain_tree.aln

Analysis options:
  run mode: ML tree search + bootstrapping (Felsenstein Bootstrap)
  start tree(s): random (5) + parsimony (5)
  bootstrap replicates: parsimony (10)
  topological constraint: constrain_tree.aln (algorithm: NEW)
  random seed: 1692162145
  tip-inner: OFF
  pattern compression: ON
  per-rate scalers: OFF
  site repeats: ON
  logLH epsilon: general: 10.000000, brlen-triplet: 1000.000000
  fast spr radius: AUTO
  spr subtree cutoff: 1.000000
  fast CLV updates: ON
  branch lengths: proportional (ML estimate, algorithm: NR-FAST)
  SIMD kernels: AVX
  parallelization: coarse-grained (auto), PTHREADS (auto)

WARNING: The model you specified on the command line (aas_cons.part) will be ignored 
         since the binary MSA file already contains a model definition.
         If you want to change the model, please re-run RAxML-NG 
         with the original PHYLIP/FASTA alignment and --redo option.

[00:00:00] Loading binary alignment from file: concatenatAAS_cons25.aln.raxml.rba
[00:00:00] Alignment comprises 358 taxa, 73 partitions and 38034 patterns

Partition 0: EOG091G02B4
Model: LG+FC+G8m+B
Alignment sites / patterns: 1371 / 1308
Gaps: 7.69 %
Invariant sites: 17.14 %

Partition 1: EOG091G06OP
Model: LG+FC+G8m+B
Alignment sites / patterns: 548 / 511
Gaps: 3.61 %
Invariant sites: 21.90 %

Partition 2: EOG091G0FYY
Model: LG+FC+G8m+B
Alignment sites / patterns: 300 / 295
Gaps: 28.80 %
Invariant sites: 13.00 %

Partition 3: EOG091G0CFP
Model: LG+FC+G8m+B
Alignment sites / patterns: 308 / 301
Gaps: 2.61 %
Invariant sites: 21.10 %

Partition 4: EOG091G0E8J
Model: LG+FC+G8m+B
Alignment sites / patterns: 721 / 616
Gaps: 46.73 %
Invariant sites: 39.81 %

Partition 5: EOG091G065D
Model: LG+FC+G8m+B
Alignment sites / patterns: 544 / 511
Gaps: 3.83 %
Invariant sites: 22.43 %

Partition 6: EOG091G0BHV
Model: LG+FC+G8m+B
Alignment sites / patterns: 309 / 299
Gaps: 2.73 %
Invariant sites: 12.30 %

Partition 7: EOG091G0291
Model: LG+FC+G8m+B
Alignment sites / patterns: 780 / 568
Gaps: 55.33 %
Invariant sites: 50.26 %

Partition 8: EOG091G0MBG
Model: LG+FC+G8m+B
Alignment sites / patterns: 392 / 388
Gaps: 24.64 %
Invariant sites: 5.36 %

Partition 9: EOG091G0627
Model: LG+FC+G8m+B
Alignment sites / patterns: 1064 / 777
Gaps: 52.65 %
Invariant sites: 39.66 %

Partition 10: EOG091G09L6
Model: LG+FC+G8m+B
Alignment sites / patterns: 519 / 487
Gaps: 54.63 %
Invariant sites: 19.85 %

Partition 11: EOG091G0AZ7
Model: LG+FC+G8m+B
Alignment sites / patterns: 417 / 414
Gaps: 14.36 %
Invariant sites: 5.04 %

Partition 12: EOG091G01EW
Model: LG+FC+G8m+B
Alignment sites / patterns: 862 / 784
Gaps: 2.73 %
Invariant sites: 25.99 %

Partition 13: EOG091G03QC
Model: LG+FC+G8m+B
Alignment sites / patterns: 871 / 839
Gaps: 21.72 %
Invariant sites: 13.55 %

Partition 14: EOG091G07KL
Model: LG+FC+G8m+B
Alignment sites / patterns: 873 / 826
Gaps: 28.62 %
Invariant sites: 15.01 %

Partition 15: EOG091G08NN
Model: LG+FC+G8m+B
Alignment sites / patterns: 398 / 361
Gaps: 32.81 %
Invariant sites: 31.41 %

Partition 16: EOG091G0CW2
Model: LG+FC+G8m+B
Alignment sites / patterns: 371 / 365
Gaps: 21.84 %
Invariant sites: 19.95 %

Partition 17: EOG091G0814
Model: LG+FC+G8m+B
Alignment sites / patterns: 461 / 452
Gaps: 3.86 %
Invariant sites: 8.68 %

Partition 18: EOG091G0B9T
Model: LG+FC+G8m+B
Alignment sites / patterns: 406 / 387
Gaps: 24.34 %
Invariant sites: 26.35 %

Partition 19: EOG091G0DTP
Model: LG+FC+G8m+B
Alignment sites / patterns: 372 / 352
Gaps: 46.91 %
Invariant sites: 18.55 %

Partition 20: EOG091G0G71
Model: LG+FC+G8m+B
Alignment sites / patterns: 845 / 491
Gaps: 63.71 %
Invariant sites: 54.20 %

Partition 21: EOG091G0GZ4
Model: LG+FC+G8m+B
Alignment sites / patterns: 455 / 451
Gaps: 20.46 %
Invariant sites: 8.57 %

Partition 22: EOG091G01TH
Model: LG+FC+G8m+B
Alignment sites / patterns: 984 / 958
Gaps: 7.15 %
Invariant sites: 14.43 %

Partition 23: EOG091G01XI
Model: LG+FC+G8m+B
Alignment sites / patterns: 974 / 878
Gaps: 2.15 %
Invariant sites: 13.55 %

Partition 24: EOG091G03B9
Model: LG+FC+G8m+B
Alignment sites / patterns: 647 / 616
Gaps: 16.07 %
Invariant sites: 26.28 %

Partition 25: EOG091G053D
Model: LG+FC+G8m+B
Alignment sites / patterns: 555 / 520
Gaps: 51.52 %
Invariant sites: 24.68 %

Partition 26: EOG091G06MR
Model: LG+FC+G8m+B
Alignment sites / patterns: 499 / 477
Gaps: 6.51 %
Invariant sites: 22.65 %

Partition 27: EOG091G0DXP
Model: LG+FC+G8m+B
Alignment sites / patterns: 259 / 229
Gaps: 2.76 %
Invariant sites: 28.57 %

Partition 28: EOG091G0IS6
Model: LG+FC+G8m+B
Alignment sites / patterns: 471 / 460
Gaps: 9.19 %
Invariant sites: 14.44 %

Partition 29: EOG091G0JU7
Model: LG+FC+G8m+B
Alignment sites / patterns: 275 / 269
Gaps: 10.88 %
Invariant sites: 20.73 %

Partition 30: EOG091G07OD
Model: LG+FC+G8m+B
Alignment sites / patterns: 454 / 438
Gaps: 12.27 %
Invariant sites: 11.89 %

Partition 31: EOG091G085U
Model: LG+FC+G8m+B
Alignment sites / patterns: 1126 / 1107
Gaps: 57.87 %
Invariant sites: 10.83 %

Partition 32: EOG091G03XO
Model: LG+FC+G8m+B
Alignment sites / patterns: 527 / 489
Gaps: 8.85 %
Invariant sites: 29.03 %

Partition 33: EOG091G06M8
Model: LG+FC+G8m+B
Alignment sites / patterns: 564 / 490
Gaps: 44.04 %
Invariant sites: 29.96 %

Partition 34: EOG091G07Z5
Model: LG+FC+G8m+B
Alignment sites / patterns: 528 / 493
Gaps: 33.86 %
Invariant sites: 31.63 %

Partition 35: EOG091G0DQ3
Model: LG+FC+G8m+B
Alignment sites / patterns: 450 / 439
Gaps: 14.61 %
Invariant sites: 15.78 %

Partition 36: EOG091G04GW
Model: LG+FC+G8m+B
Alignment sites / patterns: 609 / 590
Gaps: 11.90 %
Invariant sites: 22.00 %

Partition 37: EOG091G07S9
Model: LG+FC+G8m+B
Alignment sites / patterns: 528 / 498
Gaps: 10.22 %
Invariant sites: 18.56 %

Partition 38: EOG091G09V2
Model: LG+FC+G8m+B
Alignment sites / patterns: 662 / 653
Gaps: 6.59 %
Invariant sites: 9.97 %

Partition 39: EOG091G0BHP
Model: LG+FC+G8m+B
Alignment sites / patterns: 399 / 353
Gaps: 48.59 %
Invariant sites: 41.35 %

Partition 40: EOG091G0C2M
Model: LG+FC+G8m+B
Alignment sites / patterns: 497 / 480
Gaps: 12.90 %
Invariant sites: 14.69 %

Partition 41: EOG091G0EMF
Model: LG+FC+G8m+B
Alignment sites / patterns: 190 / 182
Gaps: 2.64 %
Invariant sites: 20.00 %

Partition 42: EOG091G0O6E
Model: LG+FC+G8m+B
Alignment sites / patterns: 279 / 261
Gaps: 15.84 %
Invariant sites: 22.94 %

Partition 43: EOG091G00MI
Model: LG+FC+G8m+B
Alignment sites / patterns: 760 / 615
Gaps: 59.54 %
Invariant sites: 47.76 %

Partition 44: EOG091G0ELS
Model: LG+FC+G8m+B
Alignment sites / patterns: 401 / 335
Gaps: 64.78 %
Invariant sites: 35.91 %

Partition 45: EOG091G0ERU
Model: LG+FC+G8m+B
Alignment sites / patterns: 503 / 465
Gaps: 5.88 %
Invariant sites: 22.07 %

Partition 46: EOG091G0GQO
Model: LG+FC+G8m+B
Alignment sites / patterns: 305 / 297
Gaps: 18.72 %
Invariant sites: 15.74 %

Partition 47: EOG091G0HS8
Model: LG+FC+G8m+B
Alignment sites / patterns: 283 / 283
Gaps: 9.87 %
Invariant sites: 4.95 %

Partition 48: EOG091G0I2X
Model: LG+FC+G8m+B
Alignment sites / patterns: 506 / 500
Gaps: 27.36 %
Invariant sites: 8.70 %

Partition 49: EOG091G0IWR
Model: LG+FC+G8m+B
Alignment sites / patterns: 310 / 304
Gaps: 37.84 %
Invariant sites: 15.16 %

Partition 50: EOG091G0KS8
Model: LG+FC+G8m+B
Alignment sites / patterns: 237 / 228
Gaps: 27.14 %
Invariant sites: 18.57 %

Partition 51: EOG091G0P9B
Model: LG+FC+G8m+B
Alignment sites / patterns: 173 / 168
Gaps: 10.02 %
Invariant sites: 15.03 %

Partition 52: EOG091G01VH
Model: LG+FC+G8m+B
Alignment sites / patterns: 1177 / 1090
Gaps: 62.34 %
Invariant sites: 20.48 %

Partition 53: EOG091G026I
Model: LG+FC+G8m+B
Alignment sites / patterns: 982 / 957
Gaps: 5.35 %
Invariant sites: 15.38 %

Partition 54: EOG091G03TZ
Model: LG+FC+G8m+B
Alignment sites / patterns: 858 / 829
Gaps: 48.67 %
Invariant sites: 12.82 %

Partition 55: EOG091G0FZN
Model: LG+FC+G8m+B
Alignment sites / patterns: 565 / 556
Gaps: 8.86 %
Invariant sites: 10.80 %

Partition 56: EOG091G0H14
Model: LG+FC+G8m+B
Alignment sites / patterns: 253 / 251
Gaps: 9.33 %
Invariant sites: 13.04 %

Partition 57: EOG091G0IDS
Model: LG+FC+G8m+B
Alignment sites / patterns: 327 / 322
Gaps: 10.30 %
Invariant sites: 8.26 %

Partition 58: EOG091G0IYB
Model: LG+FC+G8m+B
Alignment sites / patterns: 805 / 767
Gaps: 7.11 %
Invariant sites: 19.50 %

Partition 59: EOG091G0MJA
Model: LG+FC+G8m+B
Alignment sites / patterns: 246 / 233
Gaps: 5.32 %
Invariant sites: 23.98 %

Partition 60: EOG091G0ULR
Model: LG+FC+G8m+B
Alignment sites / patterns: 224 / 222
Gaps: 9.67 %
Invariant sites: 9.38 %

Partition 61: EOG091G017G
Model: LG+FC+G8m+B
Alignment sites / patterns: 972 / 923
Gaps: 8.32 %
Invariant sites: 26.65 %

Partition 62: EOG091G09BP
Model: LG+FC+G8m+B
Alignment sites / patterns: 494 / 485
Gaps: 12.27 %
Invariant sites: 15.79 %

Partition 63: EOG091G0J56
Model: LG+FC+G8m+B
Alignment sites / patterns: 524 / 471
Gaps: 1.80 %
Invariant sites: 22.14 %

Partition 64: EOG091G03M4
Model: LG+FC+G8m+B
Alignment sites / patterns: 710 / 675
Gaps: 13.08 %
Invariant sites: 21.83 %

Partition 65: EOG091G0BG4
Model: LG+FC+G8m+B
Alignment sites / patterns: 607 / 578
Gaps: 41.00 %
Invariant sites: 20.59 %

Partition 66: EOG091G0ID9
Model: LG+FC+G8m+B
Alignment sites / patterns: 351 / 279
Gaps: 42.66 %
Invariant sites: 48.72 %

Partition 67: EOG091G0K95
Model: LG+FC+G8m+B
Alignment sites / patterns: 409 / 403
Gaps: 3.41 %
Invariant sites: 7.58 %

Partition 68: EOG091G017T
Model: LG+FC+G8m+B
Alignment sites / patterns: 1024 / 902
Gaps: 28.83 %
Invariant sites: 28.91 %

Partition 69: EOG091G03BV
Model: LG+FC+G8m+B
Alignment sites / patterns: 799 / 711
Gaps: 28.29 %
Invariant sites: 34.92 %

Partition 70: EOG091G03RW
Model: LG+FC+G8m+B
Alignment sites / patterns: 770 / 749
Gaps: 14.60 %
Invariant sites: 17.27 %

Partition 71: EOG091G06HP
Model: LG+FC+G8m+B
Alignment sites / patterns: 480 / 396
Gaps: 26.08 %
Invariant sites: 48.33 %

Partition 72: EOG091G09D8
Model: LG+FC+G8m+B
Alignment sites / patterns: 381 / 377
Gaps: 8.06 %
Invariant sites: 9.45 %


[00:00:00] Loading constraint tree from: constrain_tree.aln
[00:00:00] Loaded non-comprehensive constraint tree with 39 taxa

Parallelization scheme autoconfig: 1 worker(s) x 16 thread(s)

Parallel reduction/worker buffer size: 18 KB  / 0 KB

[00:00:00] NOTE: Resuming execution from checkpoint (logLH: -1941486.18, ML trees: 10, bootstraps: 4)
[00:00:00] Data distribution: max. partitions/sites/weight per thread: 6 / 2378 / 380480
[00:00:01] Data distribution: max. searches per worker: 6

[00:00:01] Continuing bootstrapping analysis with 10 replicates.

[07:47:12] Bootstrap tree #5, logLikelihood: -1940568.207131
[15:11:56] Bootstrap tree #6, logLikelihood: -1948617.504445
[20:57:07] Bootstrap tree #7, logLikelihood: -1955236.254016

RAxML-NG v. 1.2.0 released on 09.05.2023 by The Exelixis Lab.
Developed by: Alexey M. Kozlov and Alexandros Stamatakis.
Contributors: Diego Darriba, Tomas Flouri, Benoit Morel, Sarah Lutteropp, Ben Bettisworth, Julia Haag, Anastasis Togkousidis.
Latest version: https://github.com/amkozlov/raxml-ng
Questions/problems/suggestions? Please visit: https://groups.google.com/forum/#!forum/raxml

System: Intel(R) Xeon(R) CPU E5-2650 v4 @ 2.20GHz, 24 cores, 377 GB RAM

RAxML-NG was called at 18-Aug-2023 06:56:32 as follows:

raxml-ng --all --msa concatenatAAS_cons25.aln --model aas_cons.part --threads auto{16} --bs-trees 10 --tree pars{5},rand{5} --tree-constraint constrain_tree.aln

Analysis options:
  run mode: ML tree search + bootstrapping (Felsenstein Bootstrap)
  start tree(s): random (5) + parsimony (5)
  bootstrap replicates: parsimony (10)
  topological constraint: constrain_tree.aln (algorithm: NEW)
  random seed: 1692334592
  tip-inner: OFF
  pattern compression: ON
  per-rate scalers: OFF
  site repeats: ON
  logLH epsilon: general: 10.000000, brlen-triplet: 1000.000000
  fast spr radius: AUTO
  spr subtree cutoff: 1.000000
  fast CLV updates: ON
  branch lengths: proportional (ML estimate, algorithm: NR-FAST)
  SIMD kernels: AVX2
  parallelization: coarse-grained (auto), PTHREADS (auto)

WARNING: The model you specified on the command line (aas_cons.part) will be ignored 
         since the binary MSA file already contains a model definition.
         If you want to change the model, please re-run RAxML-NG 
         with the original PHYLIP/FASTA alignment and --redo option.

[00:00:00] Loading binary alignment from file: concatenatAAS_cons25.aln.raxml.rba
[00:00:00] Alignment comprises 358 taxa, 73 partitions and 38034 patterns

Partition 0: EOG091G02B4
Model: LG+FC+G8m+B
Alignment sites / patterns: 1371 / 1308
Gaps: 7.69 %
Invariant sites: 17.14 %

Partition 1: EOG091G06OP
Model: LG+FC+G8m+B
Alignment sites / patterns: 548 / 511
Gaps: 3.61 %
Invariant sites: 21.90 %

Partition 2: EOG091G0FYY
Model: LG+FC+G8m+B
Alignment sites / patterns: 300 / 295
Gaps: 28.80 %
Invariant sites: 13.00 %

Partition 3: EOG091G0CFP
Model: LG+FC+G8m+B
Alignment sites / patterns: 308 / 301
Gaps: 2.61 %
Invariant sites: 21.10 %

Partition 4: EOG091G0E8J
Model: LG+FC+G8m+B
Alignment sites / patterns: 721 / 616
Gaps: 46.73 %
Invariant sites: 39.81 %

Partition 5: EOG091G065D
Model: LG+FC+G8m+B
Alignment sites / patterns: 544 / 511
Gaps: 3.83 %
Invariant sites: 22.43 %

Partition 6: EOG091G0BHV
Model: LG+FC+G8m+B
Alignment sites / patterns: 309 / 299
Gaps: 2.73 %
Invariant sites: 12.30 %

Partition 7: EOG091G0291
Model: LG+FC+G8m+B
Alignment sites / patterns: 780 / 568
Gaps: 55.33 %
Invariant sites: 50.26 %

Partition 8: EOG091G0MBG
Model: LG+FC+G8m+B
Alignment sites / patterns: 392 / 388
Gaps: 24.64 %
Invariant sites: 5.36 %

Partition 9: EOG091G0627
Model: LG+FC+G8m+B
Alignment sites / patterns: 1064 / 777
Gaps: 52.65 %
Invariant sites: 39.66 %

Partition 10: EOG091G09L6
Model: LG+FC+G8m+B
Alignment sites / patterns: 519 / 487
Gaps: 54.63 %
Invariant sites: 19.85 %

Partition 11: EOG091G0AZ7
Model: LG+FC+G8m+B
Alignment sites / patterns: 417 / 414
Gaps: 14.36 %
Invariant sites: 5.04 %

Partition 12: EOG091G01EW
Model: LG+FC+G8m+B
Alignment sites / patterns: 862 / 784
Gaps: 2.73 %
Invariant sites: 25.99 %

Partition 13: EOG091G03QC
Model: LG+FC+G8m+B
Alignment sites / patterns: 871 / 839
Gaps: 21.72 %
Invariant sites: 13.55 %

Partition 14: EOG091G07KL
Model: LG+FC+G8m+B
Alignment sites / patterns: 873 / 826
Gaps: 28.62 %
Invariant sites: 15.01 %

Partition 15: EOG091G08NN
Model: LG+FC+G8m+B
Alignment sites / patterns: 398 / 361
Gaps: 32.81 %
Invariant sites: 31.41 %

Partition 16: EOG091G0CW2
Model: LG+FC+G8m+B
Alignment sites / patterns: 371 / 365
Gaps: 21.84 %
Invariant sites: 19.95 %

Partition 17: EOG091G0814
Model: LG+FC+G8m+B
Alignment sites / patterns: 461 / 452
Gaps: 3.86 %
Invariant sites: 8.68 %

Partition 18: EOG091G0B9T
Model: LG+FC+G8m+B
Alignment sites / patterns: 406 / 387
Gaps: 24.34 %
Invariant sites: 26.35 %

Partition 19: EOG091G0DTP
Model: LG+FC+G8m+B
Alignment sites / patterns: 372 / 352
Gaps: 46.91 %
Invariant sites: 18.55 %

Partition 20: EOG091G0G71
Model: LG+FC+G8m+B
Alignment sites / patterns: 845 / 491
Gaps: 63.71 %
Invariant sites: 54.20 %

Partition 21: EOG091G0GZ4
Model: LG+FC+G8m+B
Alignment sites / patterns: 455 / 451
Gaps: 20.46 %
Invariant sites: 8.57 %

Partition 22: EOG091G01TH
Model: LG+FC+G8m+B
Alignment sites / patterns: 984 / 958
Gaps: 7.15 %
Invariant sites: 14.43 %

Partition 23: EOG091G01XI
Model: LG+FC+G8m+B
Alignment sites / patterns: 974 / 878
Gaps: 2.15 %
Invariant sites: 13.55 %

Partition 24: EOG091G03B9
Model: LG+FC+G8m+B
Alignment sites / patterns: 647 / 616
Gaps: 16.07 %
Invariant sites: 26.28 %

Partition 25: EOG091G053D
Model: LG+FC+G8m+B
Alignment sites / patterns: 555 / 520
Gaps: 51.52 %
Invariant sites: 24.68 %

Partition 26: EOG091G06MR
Model: LG+FC+G8m+B
Alignment sites / patterns: 499 / 477
Gaps: 6.51 %
Invariant sites: 22.65 %

Partition 27: EOG091G0DXP
Model: LG+FC+G8m+B
Alignment sites / patterns: 259 / 229
Gaps: 2.76 %
Invariant sites: 28.57 %

Partition 28: EOG091G0IS6
Model: LG+FC+G8m+B
Alignment sites / patterns: 471 / 460
Gaps: 9.19 %
Invariant sites: 14.44 %

Partition 29: EOG091G0JU7
Model: LG+FC+G8m+B
Alignment sites / patterns: 275 / 269
Gaps: 10.88 %
Invariant sites: 20.73 %

Partition 30: EOG091G07OD
Model: LG+FC+G8m+B
Alignment sites / patterns: 454 / 438
Gaps: 12.27 %
Invariant sites: 11.89 %

Partition 31: EOG091G085U
Model: LG+FC+G8m+B
Alignment sites / patterns: 1126 / 1107
Gaps: 57.87 %
Invariant sites: 10.83 %

Partition 32: EOG091G03XO
Model: LG+FC+G8m+B
Alignment sites / patterns: 527 / 489
Gaps: 8.85 %
Invariant sites: 29.03 %

Partition 33: EOG091G06M8
Model: LG+FC+G8m+B
Alignment sites / patterns: 564 / 490
Gaps: 44.04 %
Invariant sites: 29.96 %

Partition 34: EOG091G07Z5
Model: LG+FC+G8m+B
Alignment sites / patterns: 528 / 493
Gaps: 33.86 %
Invariant sites: 31.63 %

Partition 35: EOG091G0DQ3
Model: LG+FC+G8m+B
Alignment sites / patterns: 450 / 439
Gaps: 14.61 %
Invariant sites: 15.78 %

Partition 36: EOG091G04GW
Model: LG+FC+G8m+B
Alignment sites / patterns: 609 / 590
Gaps: 11.90 %
Invariant sites: 22.00 %

Partition 37: EOG091G07S9
Model: LG+FC+G8m+B
Alignment sites / patterns: 528 / 498
Gaps: 10.22 %
Invariant sites: 18.56 %

Partition 38: EOG091G09V2
Model: LG+FC+G8m+B
Alignment sites / patterns: 662 / 653
Gaps: 6.59 %
Invariant sites: 9.97 %

Partition 39: EOG091G0BHP
Model: LG+FC+G8m+B
Alignment sites / patterns: 399 / 353
Gaps: 48.59 %
Invariant sites: 41.35 %

Partition 40: EOG091G0C2M
Model: LG+FC+G8m+B
Alignment sites / patterns: 497 / 480
Gaps: 12.90 %
Invariant sites: 14.69 %

Partition 41: EOG091G0EMF
Model: LG+FC+G8m+B
Alignment sites / patterns: 190 / 182
Gaps: 2.64 %
Invariant sites: 20.00 %

Partition 42: EOG091G0O6E
Model: LG+FC+G8m+B
Alignment sites / patterns: 279 / 261
Gaps: 15.84 %
Invariant sites: 22.94 %

Partition 43: EOG091G00MI
Model: LG+FC+G8m+B
Alignment sites / patterns: 760 / 615
Gaps: 59.54 %
Invariant sites: 47.76 %

Partition 44: EOG091G0ELS
Model: LG+FC+G8m+B
Alignment sites / patterns: 401 / 335
Gaps: 64.78 %
Invariant sites: 35.91 %

Partition 45: EOG091G0ERU
Model: LG+FC+G8m+B
Alignment sites / patterns: 503 / 465
Gaps: 5.88 %
Invariant sites: 22.07 %

Partition 46: EOG091G0GQO
Model: LG+FC+G8m+B
Alignment sites / patterns: 305 / 297
Gaps: 18.72 %
Invariant sites: 15.74 %

Partition 47: EOG091G0HS8
Model: LG+FC+G8m+B
Alignment sites / patterns: 283 / 283
Gaps: 9.87 %
Invariant sites: 4.95 %

Partition 48: EOG091G0I2X
Model: LG+FC+G8m+B
Alignment sites / patterns: 506 / 500
Gaps: 27.36 %
Invariant sites: 8.70 %

Partition 49: EOG091G0IWR
Model: LG+FC+G8m+B
Alignment sites / patterns: 310 / 304
Gaps: 37.84 %
Invariant sites: 15.16 %

Partition 50: EOG091G0KS8
Model: LG+FC+G8m+B
Alignment sites / patterns: 237 / 228
Gaps: 27.14 %
Invariant sites: 18.57 %

Partition 51: EOG091G0P9B
Model: LG+FC+G8m+B
Alignment sites / patterns: 173 / 168
Gaps: 10.02 %
Invariant sites: 15.03 %

Partition 52: EOG091G01VH
Model: LG+FC+G8m+B
Alignment sites / patterns: 1177 / 1090
Gaps: 62.34 %
Invariant sites: 20.48 %

Partition 53: EOG091G026I
Model: LG+FC+G8m+B
Alignment sites / patterns: 982 / 957
Gaps: 5.35 %
Invariant sites: 15.38 %

Partition 54: EOG091G03TZ
Model: LG+FC+G8m+B
Alignment sites / patterns: 858 / 829
Gaps: 48.67 %
Invariant sites: 12.82 %

Partition 55: EOG091G0FZN
Model: LG+FC+G8m+B
Alignment sites / patterns: 565 / 556
Gaps: 8.86 %
Invariant sites: 10.80 %

Partition 56: EOG091G0H14
Model: LG+FC+G8m+B
Alignment sites / patterns: 253 / 251
Gaps: 9.33 %
Invariant sites: 13.04 %

Partition 57: EOG091G0IDS
Model: LG+FC+G8m+B
Alignment sites / patterns: 327 / 322
Gaps: 10.30 %
Invariant sites: 8.26 %

Partition 58: EOG091G0IYB
Model: LG+FC+G8m+B
Alignment sites / patterns: 805 / 767
Gaps: 7.11 %
Invariant sites: 19.50 %

Partition 59: EOG091G0MJA
Model: LG+FC+G8m+B
Alignment sites / patterns: 246 / 233
Gaps: 5.32 %
Invariant sites: 23.98 %

Partition 60: EOG091G0ULR
Model: LG+FC+G8m+B
Alignment sites / patterns: 224 / 222
Gaps: 9.67 %
Invariant sites: 9.38 %

Partition 61: EOG091G017G
Model: LG+FC+G8m+B
Alignment sites / patterns: 972 / 923
Gaps: 8.32 %
Invariant sites: 26.65 %

Partition 62: EOG091G09BP
Model: LG+FC+G8m+B
Alignment sites / patterns: 494 / 485
Gaps: 12.27 %
Invariant sites: 15.79 %

Partition 63: EOG091G0J56
Model: LG+FC+G8m+B
Alignment sites / patterns: 524 / 471
Gaps: 1.80 %
Invariant sites: 22.14 %

Partition 64: EOG091G03M4
Model: LG+FC+G8m+B
Alignment sites / patterns: 710 / 675
Gaps: 13.08 %
Invariant sites: 21.83 %

Partition 65: EOG091G0BG4
Model: LG+FC+G8m+B
Alignment sites / patterns: 607 / 578
Gaps: 41.00 %
Invariant sites: 20.59 %

Partition 66: EOG091G0ID9
Model: LG+FC+G8m+B
Alignment sites / patterns: 351 / 279
Gaps: 42.66 %
Invariant sites: 48.72 %

Partition 67: EOG091G0K95
Model: LG+FC+G8m+B
Alignment sites / patterns: 409 / 403
Gaps: 3.41 %
Invariant sites: 7.58 %

Partition 68: EOG091G017T
Model: LG+FC+G8m+B
Alignment sites / patterns: 1024 / 902
Gaps: 28.83 %
Invariant sites: 28.91 %

Partition 69: EOG091G03BV
Model: LG+FC+G8m+B
Alignment sites / patterns: 799 / 711
Gaps: 28.29 %
Invariant sites: 34.92 %

Partition 70: EOG091G03RW
Model: LG+FC+G8m+B
Alignment sites / patterns: 770 / 749
Gaps: 14.60 %
Invariant sites: 17.27 %

Partition 71: EOG091G06HP
Model: LG+FC+G8m+B
Alignment sites / patterns: 480 / 396
Gaps: 26.08 %
Invariant sites: 48.33 %

Partition 72: EOG091G09D8
Model: LG+FC+G8m+B
Alignment sites / patterns: 381 / 377
Gaps: 8.06 %
Invariant sites: 9.45 %


[00:00:00] Loading constraint tree from: constrain_tree.aln
[00:00:00] Loaded non-comprehensive constraint tree with 39 taxa

Parallelization scheme autoconfig: 1 worker(s) x 16 thread(s)

Parallel reduction/worker buffer size: 18 KB  / 0 KB

[00:00:01] NOTE: Resuming execution from checkpoint (logLH: -1929967.12, ML trees: 10, bootstraps: 7)
[00:00:01] Data distribution: max. partitions/sites/weight per thread: 6 / 2378 / 380480
[00:00:01] Data distribution: max. searches per worker: 3

[00:00:01] Continuing bootstrapping analysis with 10 replicates.

[08:29:08] Bootstrap tree #8, logLikelihood: -1963252.954494
[16:19:58] Bootstrap tree #9, logLikelihood: -1933009.873178
[25:34:14] Bootstrap tree #10, logLikelihood: -1949955.983897


Final LogLikelihood: -1945489.128287

AIC score: 3895468.256574 / AICc score: 3895727.806170 / BIC score: 3914828.605408
Free parameters (model + branch lengths): 2245

Best ML tree saved to: concatenatAAS_cons25.aln.raxml.bestTree
All ML trees saved to: concatenatAAS_cons25.aln.raxml.mlTrees
Best ML tree with Felsenstein bootstrap (FBP) support values saved to: concatenatAAS_cons25.aln.raxml.support
Optimized model saved to: concatenatAAS_cons25.aln.raxml.bestModel
Bootstrap trees saved to: concatenatAAS_cons25.aln.raxml.bootstraps

Execution log saved to: concatenatAAS_cons25.aln.raxml.log

Analysis started: 18-Aug-2023 06:56:32 / finished: 19-Aug-2023 08:30:46

Elapsed time: 92054.605 seconds (this run) / 1040882.672 seconds (total with restarts)

