
RAxML-NG v. 1.2.0 released on 09.05.2023 by The Exelixis Lab.
Developed by: Alexey M. Kozlov and Alexandros Stamatakis.
Contributors: Diego Darriba, Tomas Flouri, Benoit Morel, Sarah Lutteropp, Ben Bettisworth, Julia Haag, Anastasis Togkousidis.
Latest version: https://github.com/amkozlov/raxml-ng
Questions/problems/suggestions? Please visit: https://groups.google.com/forum/#!forum/raxml

System: Intel(R) Xeon(R) Gold 5120 CPU @ 2.20GHz, 28 cores, 376 GB RAM

RAxML-NG was called at 02-Aug-2023 07:40:38 as follows:

raxml-ng --all --msa concatenatAAS_cons25.aln --model aas_cons.part --threads auto{16} --bs-trees 10 --tree pars{5},rand{5} --redo --tree-constraint constrain_tree.aln

Analysis options:
  run mode: ML tree search + bootstrapping (Felsenstein Bootstrap)
  start tree(s): random (5) + parsimony (5)
  bootstrap replicates: parsimony (10)
  topological constraint: constrain_tree.aln (algorithm: NEW)
  random seed: 1690954838
  tip-inner: OFF
  pattern compression: ON
  per-rate scalers: OFF
  site repeats: ON
  logLH epsilon: general: 10.000000, brlen-triplet: 1000.000000
  fast spr radius: AUTO
  spr subtree cutoff: 1.000000
  fast CLV updates: ON
  branch lengths: proportional (ML estimate, algorithm: NR-FAST)
  SIMD kernels: AVX2
  parallelization: coarse-grained (auto), PTHREADS (auto)

WARNING: Running in REDO mode: existing checkpoints are ignored, and all result files will be overwritten!

[00:00:04] Reading alignment from file: concatenatAAS_cons25.aln
[00:00:06] Loaded alignment with 209 taxa and 38015 sites

Alignment comprises 73 partitions and 35094 patterns

Partition 0: EOG091G02B4
Model: LG+FC+G8m+B
Alignment sites / patterns: 1368 / 1308
Gaps: 7.57 %
Invariant sites: 15.50 %

Partition 1: EOG091G06OP
Model: LG+FC+G8m+B
Alignment sites / patterns: 548 / 512
Gaps: 3.83 %
Invariant sites: 22.08 %

Partition 2: EOG091G0FYY
Model: LG+FC+G8m+B
Alignment sites / patterns: 268 / 259
Gaps: 8.11 %
Invariant sites: 10.82 %

Partition 3: EOG091G0CFP
Model: LG+FC+G8m+B
Alignment sites / patterns: 323 / 292
Gaps: 4.66 %
Invariant sites: 24.15 %

Partition 4: EOG091G0E8J
Model: LG+FC+G8m+B
Alignment sites / patterns: 434 / 416
Gaps: 9.59 %
Invariant sites: 25.81 %

Partition 5: EOG091G065D
Model: LG+FC+G8m+B
Alignment sites / patterns: 542 / 479
Gaps: 4.70 %
Invariant sites: 23.43 %

Partition 6: EOG091G0BHV
Model: LG+FC+G8m+B
Alignment sites / patterns: 294 / 286
Gaps: 5.49 %
Invariant sites: 13.27 %

Partition 7: EOG091G0291
Model: LG+FC+G8m+B
Alignment sites / patterns: 782 / 586
Gaps: 3.17 %
Invariant sites: 47.95 %

Partition 8: EOG091G0MBG
Model: LG+FC+G8m+B
Alignment sites / patterns: 333 / 329
Gaps: 5.72 %
Invariant sites: 4.50 %

Partition 9: EOG091G0627
Model: LG+FC+G8m+B
Alignment sites / patterns: 618 / 581
Gaps: 10.02 %
Invariant sites: 17.31 %

Partition 10: EOG091G09L6
Model: LG+FC+G8m+B
Alignment sites / patterns: 411 / 406
Gaps: 4.62 %
Invariant sites: 8.52 %

Partition 11: EOG091G0AZ7
Model: LG+FC+G8m+B
Alignment sites / patterns: 417 / 413
Gaps: 4.47 %
Invariant sites: 4.56 %

Partition 12: EOG091G01EW
Model: LG+FC+G8m+B
Alignment sites / patterns: 862 / 755
Gaps: 4.19 %
Invariant sites: 25.41 %

Partition 13: EOG091G03QC
Model: LG+FC+G8m+B
Alignment sites / patterns: 727 / 692
Gaps: 4.37 %
Invariant sites: 13.89 %

Partition 14: EOG091G07KL
Model: LG+FC+G8m+B
Alignment sites / patterns: 697 / 670
Gaps: 5.05 %
Invariant sites: 16.93 %

Partition 15: EOG091G08NN
Model: LG+FC+G8m+B
Alignment sites / patterns: 413 / 370
Gaps: 3.93 %
Invariant sites: 26.15 %

Partition 16: EOG091G0CW2
Model: LG+FC+G8m+B
Alignment sites / patterns: 335 / 329
Gaps: 8.64 %
Invariant sites: 12.84 %

Partition 17: EOG091G0814
Model: LG+FC+G8m+B
Alignment sites / patterns: 456 / 449
Gaps: 9.23 %
Invariant sites: 8.55 %

Partition 18: EOG091G0B9T
Model: LG+FC+G8m+B
Alignment sites / patterns: 396 / 376
Gaps: 10.44 %
Invariant sites: 19.70 %

Partition 19: EOG091G0DTP
Model: LG+FC+G8m+B
Alignment sites / patterns: 338 / 331
Gaps: 5.70 %
Invariant sites: 9.47 %

Partition 20: EOG091G0G71
Model: LG+FC+G8m+B
Alignment sites / patterns: 311 / 281
Gaps: 13.12 %
Invariant sites: 27.97 %

Partition 21: EOG091G0GZ4
Model: LG+FC+G8m+B
Alignment sites / patterns: 383 / 378
Gaps: 10.06 %
Invariant sites: 8.88 %

Partition 22: EOG091G01TH
Model: LG+FC+G8m+B
Alignment sites / patterns: 973 / 877
Gaps: 4.76 %
Invariant sites: 21.17 %

Partition 23: EOG091G01XI
Model: LG+FC+G8m+B
Alignment sites / patterns: 973 / 894
Gaps: 2.48 %
Invariant sites: 12.23 %

Partition 24: EOG091G03B9
Model: LG+FC+G8m+B
Alignment sites / patterns: 648 / 549
Gaps: 5.61 %
Invariant sites: 29.78 %

Partition 25: EOG091G053D
Model: LG+FC+G8m+B
Alignment sites / patterns: 597 / 571
Gaps: 10.62 %
Invariant sites: 13.23 %

Partition 26: EOG091G06MR
Model: LG+FC+G8m+B
Alignment sites / patterns: 494 / 427
Gaps: 6.38 %
Invariant sites: 27.73 %

Partition 27: EOG091G0DXP
Model: LG+FC+G8m+B
Alignment sites / patterns: 259 / 227
Gaps: 1.22 %
Invariant sites: 28.57 %

Partition 28: EOG091G0IS6
Model: LG+FC+G8m+B
Alignment sites / patterns: 476 / 452
Gaps: 5.83 %
Invariant sites: 17.86 %

Partition 29: EOG091G0JU7
Model: LG+FC+G8m+B
Alignment sites / patterns: 275 / 271
Gaps: 4.30 %
Invariant sites: 18.91 %

Partition 30: EOG091G07OD
Model: LG+FC+G8m+B
Alignment sites / patterns: 455 / 448
Gaps: 9.03 %
Invariant sites: 10.33 %

Partition 31: EOG091G085U
Model: LG+FC+G8m+B
Alignment sites / patterns: 1059 / 1034
Gaps: 32.90 %
Invariant sites: 10.01 %

Partition 32: EOG091G03XO
Model: LG+FC+G8m+B
Alignment sites / patterns: 567 / 489
Gaps: 9.01 %
Invariant sites: 31.22 %

Partition 33: EOG091G06M8
Model: LG+FC+G8m+B
Alignment sites / patterns: 564 / 514
Gaps: 10.39 %
Invariant sites: 31.03 %

Partition 34: EOG091G07Z5
Model: LG+FC+G8m+B
Alignment sites / patterns: 440 / 367
Gaps: 5.71 %
Invariant sites: 30.00 %

Partition 35: EOG091G0DQ3
Model: LG+FC+G8m+B
Alignment sites / patterns: 429 / 404
Gaps: 8.61 %
Invariant sites: 16.55 %

Partition 36: EOG091G04GW
Model: LG+FC+G8m+B
Alignment sites / patterns: 589 / 532
Gaps: 5.11 %
Invariant sites: 27.67 %

Partition 37: EOG091G07S9
Model: LG+FC+G8m+B
Alignment sites / patterns: 526 / 508
Gaps: 5.97 %
Invariant sites: 14.07 %

Partition 38: EOG091G09V2
Model: LG+FC+G8m+B
Alignment sites / patterns: 665 / 641
Gaps: 12.30 %
Invariant sites: 10.23 %

Partition 39: EOG091G0BHP
Model: LG+FC+G8m+B
Alignment sites / patterns: 405 / 348
Gaps: 11.30 %
Invariant sites: 38.52 %

Partition 40: EOG091G0C2M
Model: LG+FC+G8m+B
Alignment sites / patterns: 496 / 480
Gaps: 9.88 %
Invariant sites: 16.94 %

Partition 41: EOG091G0EMF
Model: LG+FC+G8m+B
Alignment sites / patterns: 184 / 168
Gaps: 4.71 %
Invariant sites: 21.74 %

Partition 42: EOG091G0O6E
Model: LG+FC+G8m+B
Alignment sites / patterns: 292 / 282
Gaps: 5.47 %
Invariant sites: 14.73 %

Partition 43: EOG091G00MI
Model: LG+FC+G8m+B
Alignment sites / patterns: 467 / 430
Gaps: 19.32 %
Invariant sites: 25.91 %

Partition 44: EOG091G0ELS
Model: LG+FC+G8m+B
Alignment sites / patterns: 329 / 321
Gaps: 9.83 %
Invariant sites: 14.29 %

Partition 45: EOG091G0ERU
Model: LG+FC+G8m+B
Alignment sites / patterns: 483 / 465
Gaps: 5.69 %
Invariant sites: 17.81 %

Partition 46: EOG091G0GQO
Model: LG+FC+G8m+B
Alignment sites / patterns: 289 / 281
Gaps: 3.64 %
Invariant sites: 14.19 %

Partition 47: EOG091G0HS8
Model: LG+FC+G8m+B
Alignment sites / patterns: 282 / 282
Gaps: 2.72 %
Invariant sites: 6.38 %

Partition 48: EOG091G0I2X
Model: LG+FC+G8m+B
Alignment sites / patterns: 341 / 335
Gaps: 7.25 %
Invariant sites: 8.50 %

Partition 49: EOG091G0IWR
Model: LG+FC+G8m+B
Alignment sites / patterns: 316 / 313
Gaps: 16.20 %
Invariant sites: 12.97 %

Partition 50: EOG091G0KS8
Model: LG+FC+G8m+B
Alignment sites / patterns: 212 / 206
Gaps: 10.02 %
Invariant sites: 9.91 %

Partition 51: EOG091G0P9B
Model: LG+FC+G8m+B
Alignment sites / patterns: 174 / 171
Gaps: 6.26 %
Invariant sites: 14.94 %

Partition 52: EOG091G01VH
Model: LG+FC+G8m+B
Alignment sites / patterns: 1176 / 1057
Gaps: 4.71 %
Invariant sites: 29.08 %

Partition 53: EOG091G026I
Model: LG+FC+G8m+B
Alignment sites / patterns: 977 / 945
Gaps: 3.77 %
Invariant sites: 15.35 %

Partition 54: EOG091G03TZ
Model: LG+FC+G8m+B
Alignment sites / patterns: 967 / 964
Gaps: 21.60 %
Invariant sites: 4.65 %

Partition 55: EOG091G0FZN
Model: LG+FC+G8m+B
Alignment sites / patterns: 528 / 522
Gaps: 11.03 %
Invariant sites: 8.52 %

Partition 56: EOG091G0H14
Model: LG+FC+G8m+B
Alignment sites / patterns: 253 / 245
Gaps: 2.66 %
Invariant sites: 17.39 %

Partition 57: EOG091G0IDS
Model: LG+FC+G8m+B
Alignment sites / patterns: 326 / 321
Gaps: 7.64 %
Invariant sites: 8.90 %

Partition 58: EOG091G0IYB
Model: LG+FC+G8m+B
Alignment sites / patterns: 802 / 639
Gaps: 5.36 %
Invariant sites: 38.78 %

Partition 59: EOG091G0MJA
Model: LG+FC+G8m+B
Alignment sites / patterns: 246 / 228
Gaps: 10.00 %
Invariant sites: 24.80 %

Partition 60: EOG091G0ULR
Model: LG+FC+G8m+B
Alignment sites / patterns: 223 / 221
Gaps: 1.34 %
Invariant sites: 9.87 %

Partition 61: EOG091G017G
Model: LG+FC+G8m+B
Alignment sites / patterns: 972 / 761
Gaps: 3.53 %
Invariant sites: 34.36 %

Partition 62: EOG091G09BP
Model: LG+FC+G8m+B
Alignment sites / patterns: 466 / 454
Gaps: 5.03 %
Invariant sites: 14.38 %

Partition 63: EOG091G0J56
Model: LG+FC+G8m+B
Alignment sites / patterns: 538 / 497
Gaps: 4.50 %
Invariant sites: 18.22 %

Partition 64: EOG091G03M4
Model: LG+FC+G8m+B
Alignment sites / patterns: 688 / 656
Gaps: 4.83 %
Invariant sites: 20.78 %

Partition 65: EOG091G0BG4
Model: LG+FC+G8m+B
Alignment sites / patterns: 420 / 413
Gaps: 6.71 %
Invariant sites: 12.38 %

Partition 66: EOG091G0ID9
Model: LG+FC+G8m+B
Alignment sites / patterns: 351 / 327
Gaps: 5.78 %
Invariant sites: 21.37 %

Partition 67: EOG091G0K95
Model: LG+FC+G8m+B
Alignment sites / patterns: 408 / 399
Gaps: 10.91 %
Invariant sites: 10.05 %

Partition 68: EOG091G017T
Model: LG+FC+G8m+B
Alignment sites / patterns: 1026 / 870
Gaps: 3.25 %
Invariant sites: 29.04 %

Partition 69: EOG091G03BV
Model: LG+FC+G8m+B
Alignment sites / patterns: 590 / 417
Gaps: 5.50 %
Invariant sites: 54.92 %

Partition 70: EOG091G03RW
Model: LG+FC+G8m+B
Alignment sites / patterns: 708 / 635
Gaps: 3.02 %
Invariant sites: 19.49 %

Partition 71: EOG091G06HP
Model: LG+FC+G8m+B
Alignment sites / patterns: 455 / 365
Gaps: 5.14 %
Invariant sites: 43.52 %

Partition 72: EOG091G09D8
Model: LG+FC+G8m+B
Alignment sites / patterns: 380 / 373
Gaps: 4.99 %
Invariant sites: 13.16 %


NOTE: Binary MSA file created: concatenatAAS_cons25.aln.raxml.rba

[00:00:09] Loading constraint tree from: constrain_tree.aln
[00:00:09] Loaded non-comprehensive constraint tree with 75 taxa

Parallelization scheme autoconfig: 1 worker(s) x 16 thread(s)

[00:00:09] Generating 5 random starting tree(s) with 209 taxa
[00:00:09] Generating 5 parsimony starting tree(s) with 209 taxa
Parallel parsimony with 16 threads
Parallel reduction/worker buffer size: 18 KB  / 0 KB

[00:00:13] Data distribution: max. partitions/sites/weight per thread: 6 / 2194 / 351040
[00:00:14] Data distribution: max. searches per worker: 20

Starting ML tree search with 10 distinct starting trees

[03:13:26] ML tree search #1, logLikelihood: -1366471.151799
[05:28:26] ML tree search #2, logLikelihood: -1360985.793134
[08:25:32] ML tree search #3, logLikelihood: -1363864.113234
[11:02:11] ML tree search #4, logLikelihood: -1354987.213423
[13:29:16] ML tree search #5, logLikelihood: -1370386.193082
[14:19:20] ML tree search #6, logLikelihood: -1283524.463125
[15:13:16] ML tree search #7, logLikelihood: -1283524.463075
[16:04:38] ML tree search #8, logLikelihood: -1283703.168250
[16:58:26] ML tree search #9, logLikelihood: -1283373.446944
[17:49:39] ML tree search #10, logLikelihood: -1283524.462805

[17:49:40] ML tree search completed, best tree logLH: -1283373.446944

[17:49:40] Starting bootstrapping analysis with 10 replicates.

[18:21:34] Bootstrap tree #1, logLikelihood: -1283837.299386
[18:55:30] Bootstrap tree #2, logLikelihood: -1285861.478842
[19:31:04] Bootstrap tree #3, logLikelihood: -1280793.848074
[20:05:14] Bootstrap tree #4, logLikelihood: -1278535.567302
[20:40:01] Bootstrap tree #5, logLikelihood: -1282911.177269
[21:13:33] Bootstrap tree #6, logLikelihood: -1282034.964639
[21:49:15] Bootstrap tree #7, logLikelihood: -1286071.407569
[22:27:45] Bootstrap tree #8, logLikelihood: -1285209.086288
[23:04:20] Bootstrap tree #9, logLikelihood: -1289475.036542
[23:33:13] Bootstrap tree #10, logLikelihood: -1281611.030845


Final LogLikelihood: -1283373.446944

AIC score: 2570640.893888 / AICc score: 2570851.211131 / BIC score: 2587279.442070
Free parameters (model + branch lengths): 1947

Best ML tree saved to: concatenatAAS_cons25.aln.raxml.bestTree
All ML trees saved to: concatenatAAS_cons25.aln.raxml.mlTrees
Best ML tree with Felsenstein bootstrap (FBP) support values saved to: concatenatAAS_cons25.aln.raxml.support
Optimized model saved to: concatenatAAS_cons25.aln.raxml.bestModel
Bootstrap trees saved to: concatenatAAS_cons25.aln.raxml.bootstraps

Execution log saved to: concatenatAAS_cons25.aln.raxml.log

Analysis started: 02-Aug-2023 07:40:38 / finished: 03-Aug-2023 07:13:54

Elapsed time: 84796.110 seconds

