
RAxML-NG v. 1.2.0 released on 09.05.2023 by The Exelixis Lab.
Developed by: Alexey M. Kozlov and Alexandros Stamatakis.
Contributors: Diego Darriba, Tomas Flouri, Benoit Morel, Sarah Lutteropp, Ben Bettisworth, Julia Haag, Anastasis Togkousidis.
Latest version: https://github.com/amkozlov/raxml-ng
Questions/problems/suggestions? Please visit: https://groups.google.com/forum/#!forum/raxml

System: Intel(R) Xeon(R) CPU E7-4850 v2 @ 2.30GHz, 48 cores, 1007 GB RAM

RAxML-NG was called at 20-Sep-2023 23:38:59 as follows:

raxml-ng --all --msa concatenatAAS_cons50.aln --model aas_cons.part --threads auto{16} --bs-trees 10 --tree pars{5},rand{5}

Analysis options:
  run mode: ML tree search + bootstrapping (Felsenstein Bootstrap)
  start tree(s): random (5) + parsimony (5)
  bootstrap replicates: parsimony (10)
  random seed: 1695245939
  tip-inner: OFF
  pattern compression: ON
  per-rate scalers: OFF
  site repeats: ON
  logLH epsilon: general: 10.000000, brlen-triplet: 1000.000000
  fast spr radius: AUTO
  spr subtree cutoff: 1.000000
  fast CLV updates: ON
  branch lengths: proportional (ML estimate, algorithm: NR-FAST)
  SIMD kernels: AVX
  parallelization: coarse-grained (auto), PTHREADS (auto)

[00:00:00] Reading alignment from file: concatenatAAS_cons50.aln
[00:00:00] Loaded alignment with 279 taxa and 16513 sites

Alignment comprises 25 partitions and 16368 patterns

Partition 0: EOG09370GEO
Model: LG+FC+G8m+B
Alignment sites / patterns: 717 / 716
Gaps: 40.57 %
Invariant sites: 3.35 %

Partition 1: EOG09370KM9
Model: LG+FC+G8m+B
Alignment sites / patterns: 1328 / 1300
Gaps: 50.07 %
Invariant sites: 9.34 %

Partition 2: EOG09370P5Q
Model: LG+FC+G8m+B
Alignment sites / patterns: 650 / 647
Gaps: 38.34 %
Invariant sites: 2.92 %

Partition 3: EOG093704GD
Model: LG+FC+G8m+B
Alignment sites / patterns: 822 / 818
Gaps: 26.38 %
Invariant sites: 3.28 %

Partition 4: EOG0937092T
Model: LG+FC+G8m+B
Alignment sites / patterns: 914 / 911
Gaps: 36.12 %
Invariant sites: 3.39 %

Partition 5: EOG09370L23
Model: LG+FC+G8m+B
Alignment sites / patterns: 290 / 289
Gaps: 11.88 %
Invariant sites: 7.59 %

Partition 6: EOG09370QMM
Model: LG+FC+G8m+B
Alignment sites / patterns: 565 / 561
Gaps: 33.92 %
Invariant sites: 7.26 %

Partition 7: EOG093704Q0
Model: LG+FC+G8m+B
Alignment sites / patterns: 1035 / 1031
Gaps: 38.04 %
Invariant sites: 4.93 %

Partition 8: EOG093705KN
Model: LG+FC+G8m+B
Alignment sites / patterns: 832 / 828
Gaps: 27.18 %
Invariant sites: 5.77 %

Partition 9: EOG09370AS9
Model: LG+FC+G8m+B
Alignment sites / patterns: 735 / 722
Gaps: 44.75 %
Invariant sites: 10.75 %

Partition 10: EOG09370DTG
Model: LG+FC+G8m+B
Alignment sites / patterns: 932 / 927
Gaps: 41.50 %
Invariant sites: 3.43 %

Partition 11: EOG09370FSS
Model: LG+FC+G8m+B
Alignment sites / patterns: 584 / 583
Gaps: 26.30 %
Invariant sites: 5.14 %

Partition 12: EOG09370MMK
Model: LG+FC+G8m+B
Alignment sites / patterns: 365 / 364
Gaps: 29.70 %
Invariant sites: 8.49 %

Partition 13: EOG09370RCD
Model: LG+FC+G8m+B
Alignment sites / patterns: 630 / 629
Gaps: 22.86 %
Invariant sites: 2.70 %

Partition 14: EOG09370TG2
Model: LG+FC+G8m+B
Alignment sites / patterns: 213 / 211
Gaps: 15.67 %
Invariant sites: 11.74 %

Partition 15: EOG09370B1L
Model: LG+FC+G8m+B
Alignment sites / patterns: 640 / 630
Gaps: 21.27 %
Invariant sites: 9.22 %

Partition 16: EOG09370F3T
Model: LG+FC+G8m+B
Alignment sites / patterns: 451 / 444
Gaps: 42.19 %
Invariant sites: 7.98 %

Partition 17: EOG09370WZX
Model: LG+FC+G8m+B
Alignment sites / patterns: 287 / 287
Gaps: 32.87 %
Invariant sites: 2.44 %

Partition 18: EOG0937029K
Model: LG+FC+G8m+B
Alignment sites / patterns: 1389 / 1385
Gaps: 40.33 %
Invariant sites: 4.39 %

Partition 19: EOG093703UX
Model: LG+FC+G8m+B
Alignment sites / patterns: 758 / 753
Gaps: 15.68 %
Invariant sites: 7.65 %

Partition 20: EOG09370B7D
Model: LG+FC+G8m+B
Alignment sites / patterns: 508 / 499
Gaps: 38.52 %
Invariant sites: 10.63 %

Partition 21: EOG09370I3J
Model: LG+FC+G8m+B
Alignment sites / patterns: 616 / 593
Gaps: 48.12 %
Invariant sites: 13.96 %

Partition 22: EOG09370N7W
Model: LG+FC+G8m+B
Alignment sites / patterns: 658 / 649
Gaps: 38.22 %
Invariant sites: 9.57 %

Partition 23: EOG09370R67
Model: LG+FC+G8m+B
Alignment sites / patterns: 351 / 349
Gaps: 48.90 %
Invariant sites: 5.41 %

Partition 24: EOG09370SC9
Model: LG+FC+G8m+B
Alignment sites / patterns: 243 / 242
Gaps: 27.77 %
Invariant sites: 2.88 %


NOTE: Binary MSA file created: concatenatAAS_cons50.aln.raxml.rba

Parallelization scheme autoconfig: 1 worker(s) x 16 thread(s)

[00:00:03] Generating 5 random starting tree(s) with 279 taxa
[00:00:03] Generating 5 parsimony starting tree(s) with 279 taxa
Parallel parsimony with 16 threads
Parallel reduction/worker buffer size: 6 KB  / 0 KB

[00:00:08] Data distribution: max. partitions/sites/weight per thread: 3 / 1023 / 163680
[00:00:08] Data distribution: max. searches per worker: 20

Starting ML tree search with 10 distinct starting trees

[01:47:31] ML tree search #1, logLikelihood: -1521786.341630
[03:32:37] ML tree search #2, logLikelihood: -1521768.458673
[05:17:01] ML tree search #3, logLikelihood: -1521768.458419
[06:56:40] ML tree search #4, logLikelihood: -1521758.927922
[08:47:15] ML tree search #5, logLikelihood: -1521769.791075
[10:00:56] ML tree search #6, logLikelihood: -1521765.968126
[11:07:44] ML tree search #7, logLikelihood: -1521767.434099
[12:13:15] ML tree search #8, logLikelihood: -1521754.762962
[13:21:58] ML tree search #9, logLikelihood: -1521754.763548
[14:24:10] ML tree search #10, logLikelihood: -1521762.133983

[14:24:10] ML tree search completed, best tree logLH: -1521754.762962

[14:24:10] Starting bootstrapping analysis with 10 replicates.

[15:11:28] Bootstrap tree #1, logLikelihood: -1525567.935767
[16:04:49] Bootstrap tree #2, logLikelihood: -1519089.363193
[16:48:24] Bootstrap tree #3, logLikelihood: -1528181.310870
[17:33:26] Bootstrap tree #4, logLikelihood: -1519788.678450
[18:19:01] Bootstrap tree #5, logLikelihood: -1512283.112202
[19:05:11] Bootstrap tree #6, logLikelihood: -1530791.772701
[19:48:04] Bootstrap tree #7, logLikelihood: -1514475.085141
[20:31:17] Bootstrap tree #8, logLikelihood: -1532212.689950
[21:13:42] Bootstrap tree #9, logLikelihood: -1514565.049048
[21:55:46] Bootstrap tree #10, logLikelihood: -1530929.507309


Final LogLikelihood: -1521754.762962

AIC score: 3045667.525924 / AICc score: 3045818.542577 / BIC score: 3053988.669508
Free parameters (model + branch lengths): 1079

Best ML tree saved to: concatenatAAS_cons50.aln.raxml.bestTree
All ML trees saved to: concatenatAAS_cons50.aln.raxml.mlTrees
Best ML tree with Felsenstein bootstrap (FBP) support values saved to: concatenatAAS_cons50.aln.raxml.support
Optimized model saved to: concatenatAAS_cons50.aln.raxml.bestModel
Bootstrap trees saved to: concatenatAAS_cons50.aln.raxml.bootstraps

Execution log saved to: concatenatAAS_cons50.aln.raxml.log

Analysis started: 20-Sep-2023 23:38:59 / finished: 21-Sep-2023 21:34:46

Elapsed time: 78947.172 seconds

