
RAxML-NG v. 1.1.0 released on 29.11.2021 by The Exelixis Lab.
Developed by: Alexey M. Kozlov and Alexandros Stamatakis.
Contributors: Diego Darriba, Tomas Flouri, Benoit Morel, Sarah Lutteropp, Ben Bettisworth.
Latest version: https://github.com/amkozlov/raxml-ng
Questions/problems/suggestions? Please visit: https://groups.google.com/forum/#!forum/raxml

System: Intel(R) Xeon(R) CPU E5-2650 v3 @ 2.30GHz, 20 cores, 251 GB RAM

RAxML-NG was called at 30-Apr-2023 19:30:47 as follows:

raxml-ng --all --msa concatenatAAS_cons50.aln --model aas_cons.part --threads auto{16} --bs-trees 10 --tree pars{5},rand{5}

Analysis options:
  run mode: ML tree search + bootstrapping (Felsenstein Bootstrap)
  start tree(s): random (5) + parsimony (5)
  bootstrap replicates: 10
  random seed: 1682875847
  tip-inner: OFF
  pattern compression: ON
  per-rate scalers: OFF
  site repeats: ON
  branch lengths: proportional (ML estimate, algorithm: NR-FAST)
  SIMD kernels: AVX2
  parallelization: coarse-grained (auto), PTHREADS (auto)

[00:00:00] Reading alignment from file: concatenatAAS_cons50.aln
[00:00:00] Loaded alignment with 80 taxa and 38575 sites

Alignment comprises 77 partitions and 35159 patterns

Partition 0: EOG0936096A
Model: LG+FC+G8m+B
Alignment sites / patterns: 435 / 421
Gaps: 6.33 %
Invariant sites: 15.17 %

Partition 1: EOG09360A7W
Model: LG+FC+G8m+B
Alignment sites / patterns: 435 / 408
Gaps: 3.40 %
Invariant sites: 14.25 %

Partition 2: EOG093603RD
Model: LG+FC+G8m+B
Alignment sites / patterns: 657 / 571
Gaps: 4.28 %
Invariant sites: 26.64 %

Partition 3: EOG09360439
Model: LG+FC+G8m+B
Alignment sites / patterns: 720 / 626
Gaps: 4.43 %
Invariant sites: 23.75 %

Partition 4: EOG093604R7
Model: LG+FC+G8m+B
Alignment sites / patterns: 611 / 595
Gaps: 7.60 %
Invariant sites: 11.62 %

Partition 5: EOG093607I7
Model: LG+FC+G8m+B
Alignment sites / patterns: 597 / 511
Gaps: 5.10 %
Invariant sites: 25.46 %

Partition 6: EOG09360EMJ
Model: LG+FC+G8m+B
Alignment sites / patterns: 285 / 267
Gaps: 7.96 %
Invariant sites: 22.11 %

Partition 7: EOG09360F8I
Model: LG+FC+G8m+B
Alignment sites / patterns: 314 / 314
Gaps: 6.31 %
Invariant sites: 7.64 %

Partition 8: EOG09360FB1
Model: LG+FC+G8m+B
Alignment sites / patterns: 355 / 339
Gaps: 5.23 %
Invariant sites: 16.34 %

Partition 9: EOG09360LMM
Model: LG+FC+G8m+B
Alignment sites / patterns: 195 / 175
Gaps: 7.42 %
Invariant sites: 22.05 %

Partition 10: EOG09360MGG
Model: LG+FC+G8m+B
Alignment sites / patterns: 207 / 167
Gaps: 2.26 %
Invariant sites: 28.50 %

Partition 11: EOG0936001N
Model: LG+FC+G8m+B
Alignment sites / patterns: 2677 / 2560
Gaps: 8.18 %
Invariant sites: 9.82 %

Partition 12: EOG093601XR
Model: LG+FC+G8m+B
Alignment sites / patterns: 567 / 536
Gaps: 8.78 %
Invariant sites: 21.87 %

Partition 13: EOG0936024P
Model: LG+FC+G8m+B
Alignment sites / patterns: 855 / 773
Gaps: 4.89 %
Invariant sites: 19.88 %

Partition 14: EOG093602KV
Model: LG+FC+G8m+B
Alignment sites / patterns: 817 / 779
Gaps: 5.05 %
Invariant sites: 10.65 %

Partition 15: EOG093603UU
Model: LG+FC+G8m+B
Alignment sites / patterns: 538 / 485
Gaps: 6.49 %
Invariant sites: 26.39 %

Partition 16: EOG0936069X
Model: LG+FC+G8m+B
Alignment sites / patterns: 505 / 416
Gaps: 5.20 %
Invariant sites: 37.03 %

Partition 17: EOG0936070D
Model: LG+FC+G8m+B
Alignment sites / patterns: 525 / 482
Gaps: 6.63 %
Invariant sites: 24.57 %

Partition 18: EOG093607TH
Model: LG+FC+G8m+B
Alignment sites / patterns: 472 / 385
Gaps: 4.43 %
Invariant sites: 28.39 %

Partition 19: EOG093607WA
Model: LG+FC+G8m+B
Alignment sites / patterns: 478 / 453
Gaps: 7.85 %
Invariant sites: 14.02 %

Partition 20: EOG093607ZG
Model: LG+FC+G8m+B
Alignment sites / patterns: 349 / 248
Gaps: 5.22 %
Invariant sites: 39.83 %

Partition 21: EOG093608VJ
Model: LG+FC+G8m+B
Alignment sites / patterns: 654 / 605
Gaps: 5.95 %
Invariant sites: 17.43 %

Partition 22: EOG093608WC
Model: LG+FC+G8m+B
Alignment sites / patterns: 513 / 492
Gaps: 10.62 %
Invariant sites: 15.59 %

Partition 23: EOG093609YH
Model: LG+FC+G8m+B
Alignment sites / patterns: 429 / 417
Gaps: 9.11 %
Invariant sites: 10.72 %

Partition 24: EOG09360ARK
Model: LG+FC+G8m+B
Alignment sites / patterns: 554 / 546
Gaps: 5.96 %
Invariant sites: 5.05 %

Partition 25: EOG09360BOH
Model: LG+FC+G8m+B
Alignment sites / patterns: 458 / 401
Gaps: 5.49 %
Invariant sites: 24.02 %

Partition 26: EOG09360DV6
Model: LG+FC+G8m+B
Alignment sites / patterns: 336 / 332
Gaps: 8.02 %
Invariant sites: 9.52 %

Partition 27: EOG09360EM9
Model: LG+FC+G8m+B
Alignment sites / patterns: 327 / 292
Gaps: 3.98 %
Invariant sites: 24.46 %

Partition 28: EOG09360F1R
Model: LG+FC+G8m+B
Alignment sites / patterns: 297 / 291
Gaps: 9.26 %
Invariant sites: 16.84 %

Partition 29: EOG09360F71
Model: LG+FC+G8m+B
Alignment sites / patterns: 248 / 233
Gaps: 8.14 %
Invariant sites: 20.16 %

Partition 30: EOG09360FU3
Model: LG+FC+G8m+B
Alignment sites / patterns: 321 / 314
Gaps: 6.20 %
Invariant sites: 9.97 %

Partition 31: EOG09360G6G
Model: LG+FC+G8m+B
Alignment sites / patterns: 336 / 309
Gaps: 9.17 %
Invariant sites: 24.40 %

Partition 32: EOG09360HE3
Model: LG+FC+G8m+B
Alignment sites / patterns: 279 / 267
Gaps: 7.56 %
Invariant sites: 11.83 %

Partition 33: EOG09360I0L
Model: LG+FC+G8m+B
Alignment sites / patterns: 405 / 401
Gaps: 8.80 %
Invariant sites: 7.90 %

Partition 34: EOG09360K2V
Model: LG+FC+G8m+B
Alignment sites / patterns: 390 / 311
Gaps: 6.74 %
Invariant sites: 30.26 %

Partition 35: EOG09360TWW
Model: LG+FC+G8m+B
Alignment sites / patterns: 253 / 247
Gaps: 11.13 %
Invariant sites: 9.49 %

Partition 36: EOG0936003Z
Model: LG+FC+G8m+B
Alignment sites / patterns: 2090 / 1974
Gaps: 11.84 %
Invariant sites: 12.58 %

Partition 37: EOG093601SQ
Model: LG+FC+G8m+B
Alignment sites / patterns: 882 / 795
Gaps: 6.48 %
Invariant sites: 20.63 %

Partition 38: EOG09360236
Model: LG+FC+G8m+B
Alignment sites / patterns: 711 / 695
Gaps: 10.49 %
Invariant sites: 12.80 %

Partition 39: EOG093602H1
Model: LG+FC+G8m+B
Alignment sites / patterns: 758 / 496
Gaps: 5.34 %
Invariant sites: 49.87 %

Partition 40: EOG093603PO
Model: LG+FC+G8m+B
Alignment sites / patterns: 703 / 670
Gaps: 5.88 %
Invariant sites: 11.66 %

Partition 41: EOG093603QQ
Model: LG+FC+G8m+B
Alignment sites / patterns: 755 / 669
Gaps: 5.68 %
Invariant sites: 25.96 %

Partition 42: EOG093603YN
Model: LG+FC+G8m+B
Alignment sites / patterns: 868 / 786
Gaps: 6.67 %
Invariant sites: 13.25 %

Partition 43: EOG093604PU
Model: LG+FC+G8m+B
Alignment sites / patterns: 640 / 448
Gaps: 5.58 %
Invariant sites: 46.09 %

Partition 44: EOG093604T4
Model: LG+FC+G8m+B
Alignment sites / patterns: 527 / 391
Gaps: 6.43 %
Invariant sites: 39.66 %

Partition 45: EOG093604WD
Model: LG+FC+G8m+B
Alignment sites / patterns: 498 / 433
Gaps: 5.87 %
Invariant sites: 20.88 %

Partition 46: EOG0936051T
Model: LG+FC+G8m+B
Alignment sites / patterns: 489 / 438
Gaps: 7.33 %
Invariant sites: 23.72 %

Partition 47: EOG093605AK
Model: LG+FC+G8m+B
Alignment sites / patterns: 644 / 517
Gaps: 6.42 %
Invariant sites: 33.23 %

Partition 48: EOG093605T0
Model: LG+FC+G8m+B
Alignment sites / patterns: 545 / 502
Gaps: 6.13 %
Invariant sites: 16.15 %

Partition 49: EOG093606MV
Model: LG+FC+G8m+B
Alignment sites / patterns: 499 / 482
Gaps: 8.30 %
Invariant sites: 11.22 %

Partition 50: EOG093606ST
Model: LG+FC+G8m+B
Alignment sites / patterns: 459 / 418
Gaps: 6.88 %
Invariant sites: 22.44 %

Partition 51: EOG093607GQ
Model: LG+FC+G8m+B
Alignment sites / patterns: 640 / 610
Gaps: 7.95 %
Invariant sites: 15.47 %

Partition 52: EOG093607HY
Model: LG+FC+G8m+B
Alignment sites / patterns: 495 / 491
Gaps: 10.21 %
Invariant sites: 5.66 %

Partition 53: EOG0936083O
Model: LG+FC+G8m+B
Alignment sites / patterns: 451 / 405
Gaps: 8.20 %
Invariant sites: 26.61 %

Partition 54: EOG093608XE
Model: LG+FC+G8m+B
Alignment sites / patterns: 509 / 465
Gaps: 9.69 %
Invariant sites: 23.77 %

Partition 55: EOG093609R4
Model: LG+FC+G8m+B
Alignment sites / patterns: 554 / 493
Gaps: 5.81 %
Invariant sites: 23.29 %

Partition 56: EOG09360A63
Model: LG+FC+G8m+B
Alignment sites / patterns: 488 / 479
Gaps: 11.00 %
Invariant sites: 12.09 %

Partition 57: EOG09360C6T
Model: LG+FC+G8m+B
Alignment sites / patterns: 335 / 281
Gaps: 6.39 %
Invariant sites: 25.37 %

Partition 58: EOG09360DBC
Model: LG+FC+G8m+B
Alignment sites / patterns: 372 / 348
Gaps: 8.15 %
Invariant sites: 23.39 %

Partition 59: EOG09360DP5
Model: LG+FC+G8m+B
Alignment sites / patterns: 434 / 417
Gaps: 7.62 %
Invariant sites: 13.36 %

Partition 60: EOG09360E00
Model: LG+FC+G8m+B
Alignment sites / patterns: 316 / 275
Gaps: 4.90 %
Invariant sites: 27.53 %

Partition 61: EOG09360EG7
Model: LG+FC+G8m+B
Alignment sites / patterns: 396 / 387
Gaps: 8.63 %
Invariant sites: 8.59 %

Partition 62: EOG09360F69
Model: LG+FC+G8m+B
Alignment sites / patterns: 285 / 278
Gaps: 6.73 %
Invariant sites: 13.68 %

Partition 63: EOG09360F8Q
Model: LG+FC+G8m+B
Alignment sites / patterns: 381 / 368
Gaps: 7.37 %
Invariant sites: 17.59 %

Partition 64: EOG09360FML
Model: LG+FC+G8m+B
Alignment sites / patterns: 301 / 280
Gaps: 5.26 %
Invariant sites: 17.94 %

Partition 65: EOG09360G7Q
Model: LG+FC+G8m+B
Alignment sites / patterns: 322 / 310
Gaps: 8.49 %
Invariant sites: 19.88 %

Partition 66: EOG09360GQN
Model: LG+FC+G8m+B
Alignment sites / patterns: 317 / 295
Gaps: 6.10 %
Invariant sites: 19.87 %

Partition 67: EOG09360HPN
Model: LG+FC+G8m+B
Alignment sites / patterns: 285 / 259
Gaps: 6.72 %
Invariant sites: 20.70 %

Partition 68: EOG09360I13
Model: LG+FC+G8m+B
Alignment sites / patterns: 287 / 273
Gaps: 7.30 %
Invariant sites: 13.94 %

Partition 69: EOG09360IUA
Model: LG+FC+G8m+B
Alignment sites / patterns: 240 / 215
Gaps: 9.91 %
Invariant sites: 28.33 %

Partition 70: EOG09360JE0
Model: LG+FC+G8m+B
Alignment sites / patterns: 190 / 153
Gaps: 5.72 %
Invariant sites: 33.68 %

Partition 71: EOG09360JMJ
Model: LG+FC+G8m+B
Alignment sites / patterns: 311 / 302
Gaps: 8.78 %
Invariant sites: 12.86 %

Partition 72: EOG09360JWZ
Model: LG+FC+G8m+B
Alignment sites / patterns: 221 / 194
Gaps: 9.17 %
Invariant sites: 33.03 %

Partition 73: EOG09360K8B
Model: LG+FC+G8m+B
Alignment sites / patterns: 257 / 231
Gaps: 6.12 %
Invariant sites: 31.13 %

Partition 74: EOG09360KHE
Model: LG+FC+G8m+B
Alignment sites / patterns: 245 / 197
Gaps: 5.91 %
Invariant sites: 29.80 %

Partition 75: EOG09360KKY
Model: LG+FC+G8m+B
Alignment sites / patterns: 243 / 235
Gaps: 7.92 %
Invariant sites: 12.76 %

Partition 76: EOG09360LG2
Model: LG+FC+G8m+B
Alignment sites / patterns: 238 / 235
Gaps: 12.35 %
Invariant sites: 15.97 %


NOTE: Binary MSA file created: concatenatAAS_cons50.aln.raxml.rba

Parallelization scheme autoconfig: 1 worker(s) x 16 thread(s)

Parallel reduction/worker buffer size: 19 KB  / 0 KB

[00:00:00] Generating 5 random starting tree(s) with 80 taxa
[00:00:00] Generating 5 parsimony starting tree(s) with 80 taxa
[00:00:04] Data distribution: max. partitions/sites/weight per thread: 6 / 2198 / 351680
[00:00:04] Data distribution: max. searches per worker: 20

Starting ML tree search with 10 distinct starting trees

[01:45:56] ML tree search #1, logLikelihood: -1692315.208622
[03:36:29] ML tree search #2, logLikelihood: -1692315.202485
[05:09:01] ML tree search #3, logLikelihood: -1692315.203969
[06:30:51] ML tree search #4, logLikelihood: -1692317.343668
[08:30:09] ML tree search #5, logLikelihood: -1692315.208622
[09:29:46] ML tree search #6, logLikelihood: -1692315.199277
[10:29:48] ML tree search #7, logLikelihood: -1692315.199284
[11:45:37] ML tree search #8, logLikelihood: -1692315.199309
[12:53:00] ML tree search #9, logLikelihood: -1692315.199367
[13:49:35] ML tree search #10, logLikelihood: -1692315.199061

[13:49:35] ML tree search completed, best tree logLH: -1692315.199061

[13:49:35] Starting bootstrapping analysis with 10 replicates.

[14:39:19] Bootstrap tree #1, logLikelihood: -1696178.154087
[15:34:35] Bootstrap tree #2, logLikelihood: -1695708.399469
[16:27:28] Bootstrap tree #3, logLikelihood: -1693272.780046
[17:23:01] Bootstrap tree #4, logLikelihood: -1692220.088541
[18:25:28] Bootstrap tree #5, logLikelihood: -1690375.986727
[19:21:28] Bootstrap tree #6, logLikelihood: -1684211.622588
[20:06:30] Bootstrap tree #7, logLikelihood: -1702006.932731
[20:59:38] Bootstrap tree #8, logLikelihood: -1687996.109144
[21:56:46] Bootstrap tree #9, logLikelihood: -1701164.555942
[23:00:59] Bootstrap tree #10, logLikelihood: -1687341.623598


Final LogLikelihood: -1692315.199061

AIC score: 3388176.398123 / AICc score: 3388347.333804 / BIC score: 3403353.915830
Free parameters (model + branch lengths): 1773

Best ML tree saved to: concatenatAAS_cons50.aln.raxml.bestTree
All ML trees saved to: concatenatAAS_cons50.aln.raxml.mlTrees
Best ML tree with Felsenstein bootstrap (FBP) support values saved to: concatenatAAS_cons50.aln.raxml.support
Optimized model saved to: concatenatAAS_cons50.aln.raxml.bestModel
Bootstrap trees saved to: concatenatAAS_cons50.aln.raxml.bootstraps

Execution log saved to: concatenatAAS_cons50.aln.raxml.log

Analysis started: 30-Apr-2023 19:30:47 / finished: 01-May-2023 18:31:47

Elapsed time: 82859.964 seconds

